1761183746 CANCEL requested; stopped=True
1761183747 START pid=23394 song_id=fr_la_vie_en_rose model=small duration=189 device=None samplerate=None channels=None hostapi=None
1761183748 JOB start pid=23394 song_id=fr_la_vie_en_rose model=small duration=189.0
1761183748 RECORD start duration=189.0s device=0 samplerate=44100 channels=1
1761183937 RECORD saved path=/tmp/melodly_capture_1761183748.wav
1761183937 TRANSCRIBE start model=small file=/tmp/melodly_capture_1761183748.wav
1761184381 CANCEL requested; stopped=True
1761184382 START pid=29040 song_id=ru_ model=small duration=286 device=None samplerate=None channels=None hostapi=None
1761184383 JOB start pid=29040 song_id=ru_ model=small duration=286.0
Using current song_id from app: ru_
JOB start pid=29040 song_id=ru_ model=small duration=286.0
1761184383 RECORD start duration=286.0s device=0 samplerate=44100 channels=1
RECORD start duration=286.0s device=0 samplerate=44100 channels=1
1761184669 RECORD saved path=/home/diana/singlang_demo/data/captures/capture_1761184383.wav size=25225244
RECORD saved path=/home/diana/singlang_demo/data/captures/capture_1761184383.wav size=25225244
1761184669 TRANSCRIBE start model=small device=auto compute=default file=/home/diana/singlang_demo/data/captures/capture_1761184383.wav
TRANSCRIBE start model=small device=auto compute=default file=/home/diana/singlang_demo/data/captures/capture_1761184383.wav
Unable to load any of {libcudnn_ops.so.9.1.0, libcudnn_ops.so.9.1, libcudnn_ops.so.9, libcudnn_ops.so}
Invalid handle. Cannot load symbol cudnnCreateTensorDescriptor
1761185220 CANCEL requested; stopped=True
1761185221 START pid=36721 song_id=fr_dernire_danse model=small duration=215 device=None samplerate=None channels=None hostapi=None
1761185222 JOB start pid=36721 song_id=fr_dernire_danse model=small duration=215.0
1761185222 RECORD start duration=215.0s device=0 samplerate=44100 channels=1
1761185435 CANCEL requested; stopped=True
1761185438 CANCEL requested; stopped=False
1761185441 START pid=39517 song_id=ru_mama_ya_ne_mogu_bolshe_pit model=small duration=179 device=None samplerate=None channels=None hostapi=None
1761185441 JOB start pid=39517 song_id=ru_mama_ya_ne_mogu_bolshe_pit model=small duration=179.0
1761185441 RECORD start duration=179.0s device=0 samplerate=44100 channels=1
1761185516 CANCEL requested; stopped=True
1761186080 CANCEL requested; stopped=False
1761186082 START pid=45289 song_id=fr_gims_damso_tu_me_rends_bete model=small duration=167 device=None samplerate=None channels=None hostapi=None
1761186083 JOB start pid=45289 song_id=fr_gims_damso_tu_me_rends_bete model=small duration=167.0
1761186083 RECORD start duration=167.0s device=0 samplerate=44100 channels=1
1761186251 RECORD saved path=/home/diana/singlang_demo/data/captures/capture_1761186083.wav size=14729444
1761186251 TRANSCRIBE start model=small device=auto compute=default file=/home/diana/singlang_demo/data/captures/capture_1761186083.wav
1761186711 CANCEL requested; stopped=False (finalizing transcribing)
1761186713 START pid=51525 song_id=es_mi_gente model=small duration=211 device=None samplerate=None channels=None hostapi=None
1761186714 JOB start pid=51525 song_id=es_mi_gente model=small duration=211.0
1761186714 RECORD start duration=211.0s device=0 samplerate=44100 channels=1
1761186925 RECORD saved path=/home/diana/singlang_demo/data/captures/capture_1761186714.wav size=18610244
1761186925 TRANSCRIBE start model=small device=auto compute=default file=/home/diana/singlang_demo/data/captures/capture_1761186714.wav
1761187846 START pid=59198 song_id=es_mi_gente model=small duration=170 device=None samplerate=None channels=None hostapi=None
1761187846 JOB start pid=59198 song_id=es_mi_gente model=small duration=170.0
1761187846 RECORD start duration=170.0s device=0 samplerate=44100 channels=1
1761187870 CANCEL requested; stopped=True
1761187871 START pid=59531 song_id=fr_formidable model=small duration=215 device=None samplerate=None channels=None hostapi=None
1761187872 JOB start pid=59531 song_id=fr_formidable model=small duration=215.0
1761187872 RECORD start duration=215.0s device=0 samplerate=44100 channels=1
1761188085 RECORD saved path=/home/diana/singlang_demo/data/captures/capture_1761187872.wav size=18963044
1761188085 TRANSCRIBE start model=small device=cpu compute=int8_float16 file=/home/diana/singlang_demo/data/captures/capture_1761187872.wav
1761188086 TRANSCRIBE model_init_error err=Requested int8_float16 compute type, but the target device or backend do not support efficient int8_float16 computation.; falling_back_to_cpu
1761188087 MODEL ready (CPU fallback) in 1.1s
1761188094 TRANSCRIBE progress t=10.2s/215.0s (5%) segments=1 words=2
1761188094 TRANSCRIBE progress t=24.0s/215.0s (11%) segments=4 words=12
1761188094 TRANSCRIBE progress t=29.0s/215.0s (13%) segments=5 words=18
1761188095 TRANSCRIBE heartbeat elapsed=7s words=30
1761188099 TRANSCRIBE heartbeat elapsed=11s words=30
1761188100 TRANSCRIBE progress t=41.8s/215.0s (19%) segments=8 words=35
1761188100 TRANSCRIBE progress t=50.6s/215.0s (24%) segments=10 words=61
1761188100 TRANSCRIBE progress t=71.9s/215.0s (33%) segments=14 words=90
1761188100 TRANSCRIBE progress t=99.0s/215.0s (46%) segments=15 words=105
1761188104 TRANSCRIBE heartbeat elapsed=16s words=105
1761188106 TRANSCRIBE progress t=112.0s/215.0s (52%) segments=17 words=131
1761188106 TRANSCRIBE progress t=125.3s/215.0s (58%) segments=19 words=139
1761188106 TRANSCRIBE progress t=147.3s/215.0s (69%) segments=20 words=153
1761188109 TRANSCRIBE heartbeat elapsed=21s words=177
1761188111 TRANSCRIBE progress t=161.0s/215.0s (75%) segments=24 words=200
1761188111 TRANSCRIBE progress t=164.8s/215.0s (77%) segments=25 words=210
1761188111 TRANSCRIBE progress t=178.7s/215.0s (83%) segments=28 words=222
1761188111 TRANSCRIBE done words=222 in 24.0s
1761188112 ALIGN line=1/53 time=6.100 text=Formidable, formidable
1761188112 ALIGN line=2/53 time=11.660 text=Tu étais formidable, j'étais fort minable
1761188112 ALIGN line=3/53 time=16.620 text=Nous étions formidables
1761188112 ALIGN line=4/53 time=178.070 text=Formidable
1761188112 ALIGN line=5/53 time=178.070 text=Tu étais formidable, j'étais fort minable
1761188112 ALIGN line=6/53 time=178.070 text=Nous étions formidables
1761188112 ALIGN line=7/53 time=178.070 text=Oh, bébé, oups, mademoiselle
1761188112 ALIGN line=8/53 time=178.070 text=J'vais pas vous draguer, promis juré
1761188112 ALIGN line=9/53 time=178.070 text=J'suis célibataire, depuis hier, putain
1761188112 ALIGN line=10/53 time=178.070 text=J'peux pas faire d'enfant et bon, c'est pas
1761188112 ALIGN line=11/53 time=178.070 text=Hé, reviens, cinq minutes quoi, j't'ai pas insultée
1761188112 ALIGN line=12/53 time=178.070 text=J'suis poli, courtois, et un peu fort bourré
1761188112 ALIGN line=13/53 time=178.070 text=Mais pour les mecs comme moi
1761188112 ALIGN line=14/53 time=178.070 text=Vous avez autre chose à faire, hein
1761188112 ALIGN line=15/53 time=178.070 text=M'auriez vu hier, j'étais
1761188112 ALIGN line=16/53 time=178.070 text=Formidable, formidable
1761188112 ALIGN line=17/53 time=178.070 text=Tu étais formidable, j'étais fort minable
1761188112 ALIGN line=18/53 time=178.070 text=Nous étions formidables
1761188112 ALIGN line=19/53 time=178.070 text=Formidable
1761188112 ALIGN line=20/53 time=178.070 text=Tu étais formidable, j'étais fort minable
1761188112 ALIGN line=21/53 time=178.070 text=Nous étions formidables
1761188112 ALIGN line=22/53 time=178.070 text=Oh, tu t'es regardé? Tu t'crois beau
1761188112 ALIGN line=23/53 time=178.070 text=Parce que tu t'es marié? Mais c'est qu'un anneau
1761188112 ALIGN line=24/53 time=178.070 text=Mec, t'emballes pas
1761188112 ALIGN line=25/53 time=178.070 text=Elle va t'larguer comme elles le font chaque fois
1761188112 ALIGN line=26/53 time=178.070 text=Et puis l'autre fille, tu lui en as parlé?
1761188112 ALIGN line=27/53 time=178.070 text=S'tu veux, j'lui dis, comme ça, c'est réglé
1761188112 ALIGN line=28/53 time=178.070 text=Et au petit aussi, enfin si vous en avez
1761188112 ALIGN line=29/53 time=178.070 text=Attends trois ans, sept ans et là, vous verrez si c'est
1761188112 ALIGN line=30/53 time=178.070 text=Formidable, formidable
1761188112 ALIGN line=31/53 time=178.070 text=Tu étais formidable, j'étais fort minable
1761188112 ALIGN line=32/53 time=178.070 text=Nous étions formidables
1761188112 ALIGN line=33/53 time=178.070 text=Formidable
1761188112 ALIGN line=34/53 time=178.070 text=Tu étais formidable, j'étais fort minable
1761188112 ALIGN line=35/53 time=178.070 text=Nous étions formidables
1761188112 ALIGN line=36/53 time=178.070 text=Hé petite, oh pardon, petit
1761188112 ALIGN line=37/53 time=178.070 text=Tu sais dans la vie, y a ni méchants ni gentils
1761188112 ALIGN line=38/53 time=178.070 text=Si maman est chiante
1761188112 ALIGN line=39/53 time=178.070 text=C'est qu'elle a peur d'être mamie
1761188112 ALIGN line=40/53 time=178.070 text=Si papa trompe maman
1761188112 ALIGN line=41/53 time=178.070 text=C'est parce que maman vieillit, tiens
1761188112 ALIGN line=42/53 time=178.070 text=Pourquoi t'es tout rouge? Ben reviens gamin
1761188112 ALIGN line=43/53 time=178.070 text=Et qu'est-ce que vous avez tous
1761188112 ALIGN line=44/53 time=178.070 text=À me regarder comme un singe, vous?
1761188112 ALIGN line=45/53 time=178.070 text=Ah oui, vous êtes saints, vous
1761188112 ALIGN line=46/53 time=178.070 text=Bande de macaques
1761188112 ALIGN line=47/53 time=178.070 text=Donnez-moi un bébé singe, il sera
1761188112 ALIGN line=48/53 time=178.070 text=Formidable, formidable
1761188112 ALIGN line=49/53 time=178.070 text=Tu étais formidable, j'étais fort minable
1761188112 ALIGN line=50/53 time=178.070 text=Nous étions formidables
1761188112 ALIGN line=51/53 time=178.070 text=Formidable
1761188112 ALIGN line=52/53 time=178.070 text=Tu étais formidable, j'étais fort minable
1761188112 ALIGN line=53/53 time=178.070 text=Nous étions formidables
1761188112 WRITE json path=/home/diana/singlang_demo/static/data/fr_formidable.json lines=53 model=small
1761188112 SUMMARY begin lines=53 song=fr_formidable
1761188112 FINAL line=1/53 time=6.100 text=Formidable, formidable
1761188112 FINAL line=2/53 time=11.660 text=Tu étais formidable, j'étais fort minable
1761188112 FINAL line=3/53 time=16.620 text=Nous étions formidables
1761188112 FINAL line=4/53 time=178.070 text=Formidable
1761188112 FINAL line=5/53 time=178.070 text=Tu étais formidable, j'étais fort minable
1761188112 FINAL line=6/53 time=178.070 text=Nous étions formidables
1761188112 FINAL line=7/53 time=178.070 text=Oh, bébé, oups, mademoiselle
1761188112 FINAL line=8/53 time=178.070 text=J'vais pas vous draguer, promis juré
1761188112 FINAL line=9/53 time=178.070 text=J'suis célibataire, depuis hier, putain
1761188112 FINAL line=10/53 time=178.070 text=J'peux pas faire d'enfant et bon, c'est pas
1761188112 FINAL line=11/53 time=178.070 text=Hé, reviens, cinq minutes quoi, j't'ai pas insultée
1761188112 FINAL line=12/53 time=178.070 text=J'suis poli, courtois, et un peu fort bourré
1761188112 FINAL line=13/53 time=178.070 text=Mais pour les mecs comme moi
1761188112 FINAL line=14/53 time=178.070 text=Vous avez autre chose à faire, hein
1761188112 FINAL line=15/53 time=178.070 text=M'auriez vu hier, j'étais
1761188112 FINAL line=16/53 time=178.070 text=Formidable, formidable
1761188112 FINAL line=17/53 time=178.070 text=Tu étais formidable, j'étais fort minable
1761188112 FINAL line=18/53 time=178.070 text=Nous étions formidables
1761188112 FINAL line=19/53 time=178.070 text=Formidable
1761188112 FINAL line=20/53 time=178.070 text=Tu étais formidable, j'étais fort minable
1761188112 FINAL line=21/53 time=178.070 text=Nous étions formidables
1761188112 FINAL line=22/53 time=178.070 text=Oh, tu t'es regardé? Tu t'crois beau
1761188112 FINAL line=23/53 time=178.070 text=Parce que tu t'es marié? Mais c'est qu'un anneau
1761188112 FINAL line=24/53 time=178.070 text=Mec, t'emballes pas
1761188112 FINAL line=25/53 time=178.070 text=Elle va t'larguer comme elles le font chaque fois
1761188112 FINAL line=26/53 time=178.070 text=Et puis l'autre fille, tu lui en as parlé?
1761188112 FINAL line=27/53 time=178.070 text=S'tu veux, j'lui dis, comme ça, c'est réglé
1761188112 FINAL line=28/53 time=178.070 text=Et au petit aussi, enfin si vous en avez
1761188112 FINAL line=29/53 time=178.070 text=Attends trois ans, sept ans et là, vous verrez si c'est
1761188112 FINAL line=30/53 time=178.070 text=Formidable, formidable
1761188112 FINAL line=31/53 time=178.070 text=Tu étais formidable, j'étais fort minable
1761188112 FINAL line=32/53 time=178.070 text=Nous étions formidables
1761188112 FINAL line=33/53 time=178.070 text=Formidable
1761188112 FINAL line=34/53 time=178.070 text=Tu étais formidable, j'étais fort minable
1761188112 FINAL line=35/53 time=178.070 text=Nous étions formidables
1761188112 FINAL line=36/53 time=178.070 text=Hé petite, oh pardon, petit
1761188112 FINAL line=37/53 time=178.070 text=Tu sais dans la vie, y a ni méchants ni gentils
1761188112 FINAL line=38/53 time=178.070 text=Si maman est chiante
1761188112 FINAL line=39/53 time=178.070 text=C'est qu'elle a peur d'être mamie
1761188112 FINAL line=40/53 time=178.070 text=Si papa trompe maman
1761188112 FINAL line=41/53 time=178.070 text=C'est parce que maman vieillit, tiens
1761188112 FINAL line=42/53 time=178.070 text=Pourquoi t'es tout rouge? Ben reviens gamin
1761188112 FINAL line=43/53 time=178.070 text=Et qu'est-ce que vous avez tous
1761188112 FINAL line=44/53 time=178.070 text=À me regarder comme un singe, vous?
1761188112 FINAL line=45/53 time=178.070 text=Ah oui, vous êtes saints, vous
1761188112 FINAL line=46/53 time=178.070 text=Bande de macaques
1761188112 FINAL line=47/53 time=178.070 text=Donnez-moi un bébé singe, il sera
1761188112 FINAL line=48/53 time=178.070 text=Formidable, formidable
1761188112 FINAL line=49/53 time=178.070 text=Tu étais formidable, j'étais fort minable
1761188112 FINAL line=50/53 time=178.070 text=Nous étions formidables
1761188112 FINAL line=51/53 time=178.070 text=Formidable
1761188112 FINAL line=52/53 time=178.070 text=Tu étais formidable, j'étais fort minable
1761188112 FINAL line=53/53 time=178.070 text=Nous étions formidables
1761188112 SUMMARY end
1761188158 CANCEL requested; stopped=True
1761188158 START pid=63159 song_id=fr_dernire_danse model=small duration=215 device=None samplerate=None channels=None hostapi=None
1761188159 JOB start pid=63159 song_id=fr_dernire_danse model=small duration=215.0
1761188159 RECORD start duration=215.0s device=0 samplerate=44100 channels=1
1761188376 RECORD saved path=/home/diana/singlang_demo/data/captures/capture_1761188159.wav size=18963044
1761188376 TRANSCRIBE start model=small device=cpu compute=int8_float16 file=/home/diana/singlang_demo/data/captures/capture_1761188159.wav
1761188377 TRANSCRIBE model_init_error err=Requested int8_float16 compute type, but the target device or backend do not support efficient int8_float16 computation.; falling_back_to_cpu
1761188377 MODEL ready (CPU fallback) in -0.1s
1761188383 TRANSCRIBE progress t=2.6s/215.0s (1%) segments=1 words=1
1761188383 TRANSCRIBE progress t=16.6s/215.0s (8%) segments=2 words=5
1761188383 TRANSCRIBE progress t=28.9s/215.0s (13%) segments=5 words=25
1761188384 TRANSCRIBE heartbeat elapsed=7s words=25
1761188388 TRANSCRIBE progress t=42.5s/215.0s (20%) segments=9 words=46
1761188388 TRANSCRIBE progress t=45.8s/215.0s (21%) segments=10 words=50
1761188389 TRANSCRIBE heartbeat elapsed=12s words=50
1761188390 TRANSCRIBE progress t=188.2s/215.0s (88%) segments=11 words=51
1761188390 TRANSCRIBE progress t=202.8s/215.0s (94%) segments=14 words=54
1761188390 TRANSCRIBE progress t=202.8s/215.0s (94%) segments=15 words=55
1761188394 TRANSCRIBE heartbeat elapsed=17s words=55
1761188398 TRANSCRIBE progress t=207.7s/215.0s (97%) segments=20 words=60
1761188399 TRANSCRIBE heartbeat elapsed=22s words=64
1761188401 TRANSCRIBE progress t=210.3s/215.0s (98%) segments=25 words=65
1761188404 TRANSCRIBE progress t=211.8s/215.0s (99%) segments=30 words=70
1761188404 TRANSCRIBE progress t=212.2s/215.0s (99%) segments=35 words=75
1761188404 TRANSCRIBE heartbeat elapsed=27s words=76
1761188407 TRANSCRIBE progress t=213.7s/215.0s (99%) segments=40 words=80
1761188408 TRANSCRIBE heartbeat elapsed=31s words=83
1761188409 TRANSCRIBE progress t=214.1s/215.0s (100%) segments=45 words=85
1761188409 TRANSCRIBE progress t=214.6s/215.0s (100%) segments=50 words=90
1761188412 TRANSCRIBE progress t=214.8s/215.0s (100%) segments=55 words=95
1761188413 TRANSCRIBE heartbeat elapsed=36s words=96
1761188418 TRANSCRIBE done words=99 in 41.2s
1761188418 ALIGN line=1/41 time=43.800 text=Oh, ma douce souffrance
1761188418 ALIGN line=2/41 time=44.260 text=Pourquoi s'acharner? Tu recommences
1761188418 ALIGN line=3/41 time=44.260 text=Je n'suis qu'un être sans importance
1761188418 ALIGN line=4/41 time=44.260 text=Sans lui, je suis un peu paro
1761188418 ALIGN line=5/41 time=44.260 text=Je déambule seule dans le métro
1761188418 ALIGN line=6/41 time=44.260 text=Une dernière danse
1761188418 ALIGN line=7/41 time=44.260 text=Pour oublier ma peine immense
1761188418 ALIGN line=8/41 time=44.260 text=Je veux m'enfuir, que tout recommence
1761188418 ALIGN line=9/41 time=44.260 text=Oh, ma douce souffrance
1761188418 ALIGN line=10/41 time=44.260 text=Je remue le ciel, le jour, la nuit
1761188418 ALIGN line=11/41 time=44.260 text=Je danse avec le vent, la pluie
1761188418 ALIGN line=12/41 time=44.260 text=Un peu d'amour, un brin de miel
1761188418 ALIGN line=13/41 time=44.260 text=Et je danse, danse, danse, danse, danse, danse, danse
1761188418 ALIGN line=14/41 time=44.260 text=Et dans le bruit, je cours et j'ai peur
1761188418 ALIGN line=15/41 time=44.260 text=Est-ce mon tour? Vient la douleur
1761188418 ALIGN line=16/41 time=44.820 text=Dans tout Paris, je m'abandonne
1761188418 ALIGN line=17/41 time=44.820 text=Et je m'envole, vole, vole, vole, vole, vole, vole
1761188418 ALIGN line=18/41 time=44.820 text=Que d'espérance
1761188418 ALIGN line=19/41 time=44.820 text=Sur ce chemin en ton absence
1761188418 ALIGN line=20/41 time=44.820 text=J'ai beau trimer, sans toi, ma vie n'est qu'un décor qui brille
1761188418 ALIGN line=21/41 time=44.820 text=Vide de sens
1761188418 ALIGN line=22/41 time=44.820 text=Je remue le ciel, le jour, la nuit
1761188418 ALIGN line=23/41 time=44.820 text=Je danse avec le vent, la pluie
1761188418 ALIGN line=24/41 time=44.820 text=Un peu d'amour, un brin de miel
1761188418 ALIGN line=25/41 time=44.820 text=Et je danse, danse, danse, danse, danse, danse, danse
1761188418 ALIGN line=26/41 time=44.820 text=Et dans le bruit, je cours et j'ai peur
1761188418 ALIGN line=27/41 time=44.820 text=Est-ce mon tour? Vient la douleur
1761188418 ALIGN line=28/41 time=44.820 text=Dans tout Paris, je m'abandonne
1761188418 ALIGN line=29/41 time=44.820 text=Et je m'envole, vole, vole, vole, vole, vole, vole
1761188418 ALIGN line=30/41 time=44.820 text=Dans cette douce souffrance
1761188418 ALIGN line=31/41 time=44.820 text=Dont j'ai payé toutes les offenses
1761188418 ALIGN line=32/41 time=44.820 text=Écoute comme mon cœur est immense
1761188418 ALIGN line=33/41 time=44.820 text=Je suis une enfant du monde
1761188418 ALIGN line=34/41 time=44.820 text=J'remue le ciel, le jour, la nuit
1761188418 ALIGN line=35/41 time=44.820 text=Je danse avec le vent, la pluie
1761188418 ALIGN line=36/41 time=44.820 text=Un peu d'amour, un brin de miel
1761188418 ALIGN line=37/41 time=44.820 text=Et je danse, danse, danse, danse, danse, danse, danse
1761188418 ALIGN line=38/41 time=44.820 text=Et dans le bruit, je cours et j'ai peur
1761188418 ALIGN line=39/41 time=44.820 text=Est-ce mon tour? Vient la douleur
1761188418 ALIGN line=40/41 time=44.820 text=Dans tout Paris, je m'abandonne
1761188418 ALIGN line=41/41 time=44.820 text=Et je m'envole, vole, vole, vole, vole, vole, vole
1761188418 WRITE json path=/home/diana/singlang_demo/static/data/fr_dernire_danse.json lines=41 model=small
1761188418 SUMMARY begin lines=41 song=fr_dernire_danse
1761188418 FINAL line=1/41 time=43.800 text=Oh, ma douce souffrance
1761188418 FINAL line=2/41 time=44.260 text=Pourquoi s'acharner? Tu recommences
1761188418 FINAL line=3/41 time=44.260 text=Je n'suis qu'un être sans importance
1761188418 FINAL line=4/41 time=44.260 text=Sans lui, je suis un peu paro
1761188418 FINAL line=5/41 time=44.260 text=Je déambule seule dans le métro
1761188418 FINAL line=6/41 time=44.260 text=Une dernière danse
1761188418 FINAL line=7/41 time=44.260 text=Pour oublier ma peine immense
1761188418 FINAL line=8/41 time=44.260 text=Je veux m'enfuir, que tout recommence
1761188418 FINAL line=9/41 time=44.260 text=Oh, ma douce souffrance
1761188418 FINAL line=10/41 time=44.260 text=Je remue le ciel, le jour, la nuit
1761188418 FINAL line=11/41 time=44.260 text=Je danse avec le vent, la pluie
1761188418 FINAL line=12/41 time=44.260 text=Un peu d'amour, un brin de miel
1761188418 FINAL line=13/41 time=44.260 text=Et je danse, danse, danse, danse, danse, danse, danse
1761188418 FINAL line=14/41 time=44.260 text=Et dans le bruit, je cours et j'ai peur
1761188418 FINAL line=15/41 time=44.260 text=Est-ce mon tour? Vient la douleur
1761188418 FINAL line=16/41 time=44.820 text=Dans tout Paris, je m'abandonne
1761188418 FINAL line=17/41 time=44.820 text=Et je m'envole, vole, vole, vole, vole, vole, vole
1761188418 FINAL line=18/41 time=44.820 text=Que d'espérance
1761188418 FINAL line=19/41 time=44.820 text=Sur ce chemin en ton absence
1761188418 FINAL line=20/41 time=44.820 text=J'ai beau trimer, sans toi, ma vie n'est qu'un décor qui brille
1761188418 FINAL line=21/41 time=44.820 text=Vide de sens
1761188418 FINAL line=22/41 time=44.820 text=Je remue le ciel, le jour, la nuit
1761188418 FINAL line=23/41 time=44.820 text=Je danse avec le vent, la pluie
1761188418 FINAL line=24/41 time=44.820 text=Un peu d'amour, un brin de miel
1761188418 FINAL line=25/41 time=44.820 text=Et je danse, danse, danse, danse, danse, danse, danse
1761188418 FINAL line=26/41 time=44.820 text=Et dans le bruit, je cours et j'ai peur
1761188418 FINAL line=27/41 time=44.820 text=Est-ce mon tour? Vient la douleur
1761188418 FINAL line=28/41 time=44.820 text=Dans tout Paris, je m'abandonne
1761188418 FINAL line=29/41 time=44.820 text=Et je m'envole, vole, vole, vole, vole, vole, vole
1761188418 FINAL line=30/41 time=44.820 text=Dans cette douce souffrance
1761188418 FINAL line=31/41 time=44.820 text=Dont j'ai payé toutes les offenses
1761188418 FINAL line=32/41 time=44.820 text=Écoute comme mon cœur est immense
1761188418 FINAL line=33/41 time=44.820 text=Je suis une enfant du monde
1761188418 FINAL line=34/41 time=44.820 text=J'remue le ciel, le jour, la nuit
1761188418 FINAL line=35/41 time=44.820 text=Je danse avec le vent, la pluie
1761188418 FINAL line=36/41 time=44.820 text=Un peu d'amour, un brin de miel
1761188418 FINAL line=37/41 time=44.820 text=Et je danse, danse, danse, danse, danse, danse, danse
1761188418 FINAL line=38/41 time=44.820 text=Et dans le bruit, je cours et j'ai peur
1761188418 FINAL line=39/41 time=44.820 text=Est-ce mon tour? Vient la douleur
1761188418 FINAL line=40/41 time=44.820 text=Dans tout Paris, je m'abandonne
1761188418 FINAL line=41/41 time=44.820 text=Et je m'envole, vole, vole, vole, vole, vole, vole
1761188418 SUMMARY end
1761188425 CANCEL requested; stopped=True
1761188428 START pid=65625 song_id=es_despacito model=small duration=231 device=None samplerate=None channels=None hostapi=None
1761188428 JOB start pid=65625 song_id=es_despacito model=small duration=231.0
1761188428 RECORD start duration=231.0s device=0 samplerate=44100 channels=1
1761188659 RECORD saved path=/home/diana/singlang_demo/data/captures/capture_1761188428.wav size=20374244
1761188659 TRANSCRIBE start model=small device=cpu compute=int8_float16 file=/home/diana/singlang_demo/data/captures/capture_1761188428.wav
1761188660 TRANSCRIBE model_init_error err=Requested int8_float16 compute type, but the target device or backend do not support efficient int8_float16 computation.; falling_back_to_cpu
1761188661 MODEL ready (CPU fallback) in 1.1s
1761188667 TRANSCRIBE progress t=48.5s/231.0s (21%) segments=1 words=11
1761188667 TRANSCRIBE done words=11 in 5.7s
1761188667 ALIGN line=1/78 time=8.200 text=¡Ay!
1761188667 ALIGN line=2/78 time=20.990 text=Fonsi, DY
1761188667 ALIGN line=3/78 time=46.430 text=Oh, oh no, oh no (oh)
1761188667 ALIGN line=4/78 time=48.030 text=Hey yeah
1761188667 ALIGN line=5/78 time=48.030 text=Diridiri, dirididi Daddy
1761188667 ALIGN line=6/78 time=48.030 text=Go!
1761188667 ALIGN line=7/78 time=48.030 text=Sí, sabes que ya llevo un rato mirándote
1761188667 ALIGN line=8/78 time=48.030 text=Tengo que bailar contigo hoy (DY)
1761188667 ALIGN line=9/78 time=48.030 text=Vi que tu mirada ya estaba llamándome
1761188667 ALIGN line=10/78 time=48.030 text=Muéstrame el camino que yo voy
1761188667 ALIGN line=11/78 time=48.030 text=Oh, tú, tú eres el imán y yo soy el metal
1761188667 ALIGN line=12/78 time=48.030 text=Me voy acercando y voy armando el plan
1761188667 ALIGN line=13/78 time=48.030 text=Solo con pensarlo se acelera el pulso (oh yeah)
1761188667 ALIGN line=14/78 time=48.030 text=Ya, ya me estás gustando más de lo normal
1761188667 ALIGN line=15/78 time=48.030 text=Todos mis sentidos van pidiendo más
1761188667 ALIGN line=16/78 time=48.030 text=Esto hay que tomarlo sin ningún apuro
1761188667 ALIGN line=17/78 time=48.030 text=Despacito
1761188667 ALIGN line=18/78 time=48.030 text=Quiero respirar tu cuello despacito
1761188667 ALIGN line=19/78 time=48.030 text=Deja que te diga cosas al oído
1761188667 ALIGN line=20/78 time=48.030 text=Para que te acuerdes si no estás conmigo
1761188667 ALIGN line=21/78 time=48.030 text=Despacito
1761188667 ALIGN line=22/78 time=48.030 text=Quiero desnudarte a besos despacito
1761188667 ALIGN line=23/78 time=48.030 text=Firmar las paredes de tu laberinto
1761188667 ALIGN line=24/78 time=48.030 text=Y hacer de tu cuerpo todo un manuscrito (sube, sube, sube)
1761188667 ALIGN line=25/78 time=48.030 text=(Sube, sube) Oh
1761188667 ALIGN line=26/78 time=48.030 text=Quiero ver bailar tu pelo
1761188667 ALIGN line=27/78 time=48.030 text=Quiero ser tu ritmo (uh oh, uh oh)
1761188667 ALIGN line=28/78 time=48.030 text=Que le enseñes a mi boca (uh oh, uh oh)
1761188667 ALIGN line=29/78 time=48.030 text=Tus lugares favoritos (favoritos, favoritos baby)
1761188667 ALIGN line=30/78 time=48.030 text=Déjame sobrepasar tus zonas de peligro (uh oh, uh oh)
1761188667 ALIGN line=31/78 time=48.030 text=Hasta provocar tus gritos (uh oh, uh oh)
1761188667 ALIGN line=32/78 time=48.030 text=Y que olvides tu apellido (dirididi Daddy)
1761188667 ALIGN line=33/78 time=48.030 text=Yo sé que estás pensándolo (eh)
1761188667 ALIGN line=34/78 time=48.030 text=Llevo tiempo intentándolo (eh)
1761188667 ALIGN line=35/78 time=48.030 text=Mami, esto es dando y dándolo
1761188667 ALIGN line=36/78 time=48.030 text=Sabes que tu corazón conmigo te hace bam bam
1761188667 ALIGN line=37/78 time=48.030 text=Sabe que esa beba 'tá buscando de mi bam bam
1761188667 ALIGN line=38/78 time=48.030 text=Ven prueba de mi boca para ver cómo te sabe
1761188667 ALIGN line=39/78 time=48.030 text=Quiero, quiero, quiero ver cuánto amor a ti te cabe
1761188667 ALIGN line=40/78 time=48.030 text=Yo no tengo prisa, yo me quiero dar el viaje
1761188667 ALIGN line=41/78 time=48.030 text=Empezamo' lento, después salvaje
1761188667 ALIGN line=42/78 time=48.030 text=Pasito a pasito, suave suavecito
1761188667 ALIGN line=43/78 time=48.030 text=Nos vamos pegando poquito a poquito
1761188667 ALIGN line=44/78 time=48.030 text=Cuando tú me besas con esa destreza
1761188667 ALIGN line=45/78 time=48.030 text=Veo que eres malicia con delicadeza
1761188667 ALIGN line=46/78 time=48.030 text=Pasito a pasito, suave suavecito
1761188667 ALIGN line=47/78 time=48.030 text=Nos vamos pegando, poquito a poquito (oh oh)
1761188667 ALIGN line=48/78 time=48.030 text=Y es que esa belleza es un rompecabezas (oh no)
1761188667 ALIGN line=49/78 time=48.030 text=Pero pa' montarlo aquí tengo la pieza (slow, oh yeah)
1761188667 ALIGN line=50/78 time=48.030 text=Despacito (yeh, yo)
1761188667 ALIGN line=51/78 time=48.030 text=Quiero respirar tu cuello despacito (yo)
1761188667 ALIGN line=52/78 time=48.030 text=Deja que te diga cosas al oído (yo)
1761188667 ALIGN line=53/78 time=48.030 text=Para que te acuerdes si no estás conmigo
1761188667 ALIGN line=54/78 time=48.030 text=Despacito
1761188667 ALIGN line=55/78 time=48.030 text=Quiero desnudarte a besos despacito (yeh)
1761188667 ALIGN line=56/78 time=48.030 text=Firmar las paredes de tu laberinto
1761188667 ALIGN line=57/78 time=48.030 text=Y hacer de tu cuerpo todo un manuscrito (sube, sube, sube)
1761188667 ALIGN line=58/78 time=48.030 text=(Sube, sube) Oh
1761188667 ALIGN line=59/78 time=48.030 text=Quiero ver bailar tu pelo
1761188667 ALIGN line=60/78 time=48.030 text=Quiero ser tu ritmo (uh oh, uh oh)
1761188667 ALIGN line=61/78 time=48.030 text=Que le enseñes a mi boca (uh oh, uh oh)
1761188667 ALIGN line=62/78 time=48.030 text=Tus lugares favoritos (favoritos, favoritos baby)
1761188667 ALIGN line=63/78 time=48.030 text=Déjame sobrepasar tus zonas de peligro (uh oh, uh oh)
1761188667 ALIGN line=64/78 time=48.030 text=Hasta provocar tus gritos (uh oh, uh oh)
1761188667 ALIGN line=65/78 time=48.030 text=Y que olvides tu apellido
1761188667 ALIGN line=66/78 time=48.030 text=Despacito
1761188667 ALIGN line=67/78 time=48.030 text=Vamo' a hacerlo en una playa en Puerto Rico
1761188667 ALIGN line=68/78 time=48.030 text=Hasta que las olas griten "Ay, bendito"
1761188667 ALIGN line=69/78 time=48.030 text=Para que mi sello se quede contigo (báilalo)
1761188667 ALIGN line=70/78 time=48.030 text=Pasito a pasito, suave suavecito (hey yeah, yeah)
1761188667 ALIGN line=71/78 time=48.030 text=Nos vamos pegando, poquito a poquito (oh no)
1761188667 ALIGN line=72/78 time=48.030 text=Que le enseñes a mi boca (uh oh, uh oh)
1761188667 ALIGN line=73/78 time=48.030 text=Tus lugares favoritos (favoritos, favoritos baby)
1761188667 ALIGN line=74/78 time=48.030 text=Pasito a pasito, suave suavecito
1761188667 ALIGN line=75/78 time=48.030 text=Nos vamos pegando, poquito a poquito
1761188667 ALIGN line=76/78 time=48.030 text=Hasta provocar tus gritos (eh-oh) (Fonsi)
1761188667 ALIGN line=77/78 time=48.030 text=Y que olvides tu apellido (DY)
1761188667 ALIGN line=78/78 time=48.030 text=Despacito
1761188667 WRITE json path=/home/diana/singlang_demo/static/data/es_despacito.json lines=78 model=small
1761188667 SUMMARY begin lines=78 song=es_despacito
1761188667 FINAL line=1/78 time=8.200 text=¡Ay!
1761188667 FINAL line=2/78 time=20.990 text=Fonsi, DY
1761188667 FINAL line=3/78 time=46.430 text=Oh, oh no, oh no (oh)
1761188667 FINAL line=4/78 time=48.030 text=Hey yeah
1761188667 FINAL line=5/78 time=48.030 text=Diridiri, dirididi Daddy
1761188667 FINAL line=6/78 time=48.030 text=Go!
1761188667 FINAL line=7/78 time=48.030 text=Sí, sabes que ya llevo un rato mirándote
1761188667 FINAL line=8/78 time=48.030 text=Tengo que bailar contigo hoy (DY)
1761188667 FINAL line=9/78 time=48.030 text=Vi que tu mirada ya estaba llamándome
1761188667 FINAL line=10/78 time=48.030 text=Muéstrame el camino que yo voy
1761188667 FINAL line=11/78 time=48.030 text=Oh, tú, tú eres el imán y yo soy el metal
1761188667 FINAL line=12/78 time=48.030 text=Me voy acercando y voy armando el plan
1761188667 FINAL line=13/78 time=48.030 text=Solo con pensarlo se acelera el pulso (oh yeah)
1761188667 FINAL line=14/78 time=48.030 text=Ya, ya me estás gustando más de lo normal
1761188667 FINAL line=15/78 time=48.030 text=Todos mis sentidos van pidiendo más
1761188667 FINAL line=16/78 time=48.030 text=Esto hay que tomarlo sin ningún apuro
1761188667 FINAL line=17/78 time=48.030 text=Despacito
1761188667 FINAL line=18/78 time=48.030 text=Quiero respirar tu cuello despacito
1761188667 FINAL line=19/78 time=48.030 text=Deja que te diga cosas al oído
1761188667 FINAL line=20/78 time=48.030 text=Para que te acuerdes si no estás conmigo
1761188667 FINAL line=21/78 time=48.030 text=Despacito
1761188667 FINAL line=22/78 time=48.030 text=Quiero desnudarte a besos despacito
1761188667 FINAL line=23/78 time=48.030 text=Firmar las paredes de tu laberinto
1761188667 FINAL line=24/78 time=48.030 text=Y hacer de tu cuerpo todo un manuscrito (sube, sube, sube)
1761188667 FINAL line=25/78 time=48.030 text=(Sube, sube) Oh
1761188667 FINAL line=26/78 time=48.030 text=Quiero ver bailar tu pelo
1761188667 FINAL line=27/78 time=48.030 text=Quiero ser tu ritmo (uh oh, uh oh)
1761188667 FINAL line=28/78 time=48.030 text=Que le enseñes a mi boca (uh oh, uh oh)
1761188667 FINAL line=29/78 time=48.030 text=Tus lugares favoritos (favoritos, favoritos baby)
1761188667 FINAL line=30/78 time=48.030 text=Déjame sobrepasar tus zonas de peligro (uh oh, uh oh)
1761188667 FINAL line=31/78 time=48.030 text=Hasta provocar tus gritos (uh oh, uh oh)
1761188667 FINAL line=32/78 time=48.030 text=Y que olvides tu apellido (dirididi Daddy)
1761188667 FINAL line=33/78 time=48.030 text=Yo sé que estás pensándolo (eh)
1761188667 FINAL line=34/78 time=48.030 text=Llevo tiempo intentándolo (eh)
1761188667 FINAL line=35/78 time=48.030 text=Mami, esto es dando y dándolo
1761188667 FINAL line=36/78 time=48.030 text=Sabes que tu corazón conmigo te hace bam bam
1761188667 FINAL line=37/78 time=48.030 text=Sabe que esa beba 'tá buscando de mi bam bam
1761188667 FINAL line=38/78 time=48.030 text=Ven prueba de mi boca para ver cómo te sabe
1761188667 FINAL line=39/78 time=48.030 text=Quiero, quiero, quiero ver cuánto amor a ti te cabe
1761188667 FINAL line=40/78 time=48.030 text=Yo no tengo prisa, yo me quiero dar el viaje
1761188667 FINAL line=41/78 time=48.030 text=Empezamo' lento, después salvaje
1761188667 FINAL line=42/78 time=48.030 text=Pasito a pasito, suave suavecito
1761188667 FINAL line=43/78 time=48.030 text=Nos vamos pegando poquito a poquito
1761188667 FINAL line=44/78 time=48.030 text=Cuando tú me besas con esa destreza
1761188667 FINAL line=45/78 time=48.030 text=Veo que eres malicia con delicadeza
1761188667 FINAL line=46/78 time=48.030 text=Pasito a pasito, suave suavecito
1761188667 FINAL line=47/78 time=48.030 text=Nos vamos pegando, poquito a poquito (oh oh)
1761188667 FINAL line=48/78 time=48.030 text=Y es que esa belleza es un rompecabezas (oh no)
1761188667 FINAL line=49/78 time=48.030 text=Pero pa' montarlo aquí tengo la pieza (slow, oh yeah)
1761188667 FINAL line=50/78 time=48.030 text=Despacito (yeh, yo)
1761188667 FINAL line=51/78 time=48.030 text=Quiero respirar tu cuello despacito (yo)
1761188667 FINAL line=52/78 time=48.030 text=Deja que te diga cosas al oído (yo)
1761188667 FINAL line=53/78 time=48.030 text=Para que te acuerdes si no estás conmigo
1761188667 FINAL line=54/78 time=48.030 text=Despacito
1761188667 FINAL line=55/78 time=48.030 text=Quiero desnudarte a besos despacito (yeh)
1761188667 FINAL line=56/78 time=48.030 text=Firmar las paredes de tu laberinto
1761188667 FINAL line=57/78 time=48.030 text=Y hacer de tu cuerpo todo un manuscrito (sube, sube, sube)
1761188667 FINAL line=58/78 time=48.030 text=(Sube, sube) Oh
1761188667 FINAL line=59/78 time=48.030 text=Quiero ver bailar tu pelo
1761188667 FINAL line=60/78 time=48.030 text=Quiero ser tu ritmo (uh oh, uh oh)
1761188667 FINAL line=61/78 time=48.030 text=Que le enseñes a mi boca (uh oh, uh oh)
1761188667 FINAL line=62/78 time=48.030 text=Tus lugares favoritos (favoritos, favoritos baby)
1761188667 FINAL line=63/78 time=48.030 text=Déjame sobrepasar tus zonas de peligro (uh oh, uh oh)
1761188667 FINAL line=64/78 time=48.030 text=Hasta provocar tus gritos (uh oh, uh oh)
1761188667 FINAL line=65/78 time=48.030 text=Y que olvides tu apellido
1761188667 FINAL line=66/78 time=48.030 text=Despacito
1761188667 FINAL line=67/78 time=48.030 text=Vamo' a hacerlo en una playa en Puerto Rico
1761188667 FINAL line=68/78 time=48.030 text=Hasta que las olas griten "Ay, bendito"
1761188667 FINAL line=69/78 time=48.030 text=Para que mi sello se quede contigo (báilalo)
1761188667 FINAL line=70/78 time=48.030 text=Pasito a pasito, suave suavecito (hey yeah, yeah)
1761188667 FINAL line=71/78 time=48.030 text=Nos vamos pegando, poquito a poquito (oh no)
1761188667 FINAL line=72/78 time=48.030 text=Que le enseñes a mi boca (uh oh, uh oh)
1761188667 FINAL line=73/78 time=48.030 text=Tus lugares favoritos (favoritos, favoritos baby)
1761188667 FINAL line=74/78 time=48.030 text=Pasito a pasito, suave suavecito
1761188667 FINAL line=75/78 time=48.030 text=Nos vamos pegando, poquito a poquito
1761188667 FINAL line=76/78 time=48.030 text=Hasta provocar tus gritos (eh-oh) (Fonsi)
1761188667 FINAL line=77/78 time=48.030 text=Y que olvides tu apellido (DY)
1761188667 FINAL line=78/78 time=48.030 text=Despacito
1761188667 SUMMARY end
1761188921 CANCEL requested; stopped=True
1761188923 START pid=70827 song_id=fr_dernire_danse model=small duration=215 device=None samplerate=None channels=None hostapi=None
1761188923 JOB start pid=70827 song_id=fr_dernire_danse model=small duration=215.0
1761188923 RECORD start duration=215.0s device=0 samplerate=44100 channels=1
1761189139 RECORD saved path=/home/diana/singlang_demo/data/captures/capture_1761188923.wav size=18963044
1761189139 TRANSCRIBE start model=small device=cpu compute=int8_float16 file=/home/diana/singlang_demo/data/captures/capture_1761188923.wav
1761189140 TRANSCRIBE model_init_error err=Requested int8_float16 compute type, but the target device or backend do not support efficient int8_float16 computation.; falling_back_to_cpu
1761189141 MODEL ready (CPU fallback) in 1.2s
1761189141 AUDIO warning low_level rms_db=-41.9dBFS — raise speaker volume for better results
1761189148 TRANSCRIBE progress (vad) t=1.3s/215.0s (1%) segments=1 words=1
1761189148 TRANSCRIBE progress (vad) t=15.9s/215.0s (7%) segments=2 words=5
1761189148 TRANSCRIBE progress (vad) t=28.2s/215.0s (13%) segments=5 words=25
1761189152 TRANSCRIBE progress (vad) t=41.8s/215.0s (19%) segments=9 words=47
1761189152 TRANSCRIBE progress (vad) t=45.6s/215.0s (21%) segments=10 words=52
1761189152 TRANSCRIBE fallback running full decode (coverage=0.21, words=52)
1761189157 TRANSCRIBE progress (full) t=1.4s/215.0s (1%) segments=1 words=1
1761189157 TRANSCRIBE progress (full) t=16.2s/215.0s (8%) segments=2 words=5
1761189157 TRANSCRIBE progress (full) t=28.2s/215.0s (13%) segments=5 words=25
1761189162 TRANSCRIBE progress (full) t=41.8s/215.0s (19%) segments=9 words=48
1761189162 TRANSCRIBE progress (full) t=45.2s/215.0s (21%) segments=10 words=52
1761189162 TRANSCRIBE progress (full) t=57.3s/215.0s (27%) segments=12 words=68
1761189168 TRANSCRIBE progress (full) t=69.5s/215.0s (32%) segments=15 words=94
1761189168 TRANSCRIBE progress (full) t=81.3s/215.0s (38%) segments=18 words=115
1761189173 TRANSCRIBE progress (full) t=86.7s/215.0s (40%) segments=20 words=123
1761189173 TRANSCRIBE progress (full) t=102.4s/215.0s (48%) segments=23 words=151
1761189173 TRANSCRIBE progress (full) t=110.5s/215.0s (51%) segments=25 words=166
1761189178 TRANSCRIBE progress (full) t=123.5s/215.0s (57%) segments=28 words=188
1761189178 TRANSCRIBE progress (full) t=131.6s/215.0s (61%) segments=30 words=203
1761189187 TRANSCRIBE progress (full) t=159.6s/215.0s (74%) segments=31 words=315
1761189193 TRANSCRIBE progress (full) t=174.0s/215.0s (81%) segments=34 words=338
1761189193 TRANSCRIBE progress (full) t=177.3s/215.0s (82%) segments=35 words=346
1761189201 TRANSCRIBE progress (full) t=215.0s/215.0s (100%) segments=38 words=473
1761189202 TRANSCRIBE done words=473 in 61.6s (coverage=1.00)
1761189203 ALIGN line=1/41 time=13.100 text=Oh, ma douce souffrance
1761189203 ALIGN line=2/41 time=18.040 text=Pourquoi s'acharner? Tu recommences
1761189203 ALIGN line=3/41 time=22.220 text=Je n'suis qu'un être sans importance
1761189203 ALIGN line=4/41 time=25.800 text=Sans lui, je suis un peu paro
1761189203 ALIGN line=5/41 time=28.520 text=Je déambule seule dans le métro
1761189203 ALIGN line=6/41 time=30.990 text=Une dernière danse
1761189203 ALIGN line=7/41 time=34.150 text=Pour oublier ma peine immense
1761189203 ALIGN line=8/41 time=38.820 text=Je veux m'enfuir, que tout recommence
1761189203 ALIGN line=9/41 time=41.780 text=Oh, ma douce souffrance
1761189203 ALIGN line=10/41 time=46.920 text=Je remue le ciel, le jour, la nuit
1761189203 ALIGN line=11/41 time=52.910 text=Je danse avec le vent, la pluie
1761189203 ALIGN line=12/41 time=57.620 text=Un peu d'amour, un brin de miel
1761189203 ALIGN line=13/41 time=59.960 text=Et je danse, danse, danse, danse, danse, danse, danse
1761189203 ALIGN line=14/41 time=65.320 text=Et dans le bruit, je cours et j'ai peur
1761189203 ALIGN line=15/41 time=70.260 text=Est-ce mon tour? Vient la douleur
1761189203 ALIGN line=16/41 time=74.240 text=Dans tout Paris, je m'abandonne
1761189203 ALIGN line=17/41 time=77.260 text=Et je m'envole, vole, vole, vole, vole, vole, vole
1761189203 ALIGN line=18/41 time=81.720 text=Que d'espérance
1761189203 ALIGN line=19/41 time=84.620 text=Sur ce chemin en ton absence
1761189203 ALIGN line=20/41 time=89.160 text=J'ai beau trimer, sans toi, ma vie n'est qu'un décor qui brille
1761189203 ALIGN line=21/41 time=93.880 text=Vide de sens
1761189203 ALIGN line=22/41 time=99.220 text=Je remue le ciel, le jour, la nuit
1761189203 ALIGN line=23/41 time=102.960 text=Je danse avec le vent, la pluie
1761189203 ALIGN line=24/41 time=107.740 text=Un peu d'amour, un brin de miel
1761189203 ALIGN line=25/41 time=109.480 text=Et je danse, danse, danse, danse, danse, danse, danse
1761189203 ALIGN line=26/41 time=115.640 text=Et dans le bruit, je cours et j'ai peur
1761189203 ALIGN line=27/41 time=119.900 text=Est-ce mon tour? Vient la douleur
1761189203 ALIGN line=28/41 time=124.320 text=Dans tout Paris, je m'abandonne
1761189203 ALIGN line=29/41 time=127.100 text=Et je m'envole, vole, vole, vole, vole, vole, vole
1761189203 ALIGN line=30/41 time=128.660 text=Dans cette douce souffrance
1761189203 ALIGN line=31/41 time=131.100 text=Dont j'ai payé toutes les offenses
1761189203 ALIGN line=32/41 time=133.260 text=Écoute comme mon cœur est immense
1761189203 ALIGN line=33/41 time=159.560 text=Je suis une enfant du monde
1761189203 ALIGN line=34/41 time=166.020 text=J'remue le ciel, le jour, la nuit
1761189203 ALIGN line=35/41 time=169.300 text=Je danse avec le vent, la pluie
1761189203 ALIGN line=36/41 time=174.500 text=Un peu d'amour, un brin de miel
1761189203 ALIGN line=37/41 time=176.460 text=Et je danse, danse, danse, danse, danse, danse, danse
1761189203 ALIGN line=38/41 time=182.180 text=Et dans le bruit, je cours et j'ai peur
1761189203 ALIGN line=39/41 time=187.000 text=Est-ce mon tour? Vient la douleur
1761189203 ALIGN line=40/41 time=191.180 text=Dans tout Paris, je m'abandonne
1761189203 ALIGN line=41/41 time=193.840 text=Et je m'envole, vole, vole, vole, vole, vole, vole
1761189203 WRITE json path=/home/diana/singlang_demo/static/data/fr_dernire_danse.json lines=41 model=small
1761189203 SUMMARY begin lines=41 song=fr_dernire_danse
1761189203 FINAL line=1/41 time=13.100 text=Oh, ma douce souffrance
1761189203 FINAL line=2/41 time=18.040 text=Pourquoi s'acharner? Tu recommences
1761189203 FINAL line=3/41 time=22.220 text=Je n'suis qu'un être sans importance
1761189203 FINAL line=4/41 time=25.800 text=Sans lui, je suis un peu paro
1761189203 FINAL line=5/41 time=28.520 text=Je déambule seule dans le métro
1761189203 FINAL line=6/41 time=30.990 text=Une dernière danse
1761189203 FINAL line=7/41 time=34.150 text=Pour oublier ma peine immense
1761189203 FINAL line=8/41 time=38.820 text=Je veux m'enfuir, que tout recommence
1761189203 FINAL line=9/41 time=41.780 text=Oh, ma douce souffrance
1761189203 FINAL line=10/41 time=46.920 text=Je remue le ciel, le jour, la nuit
1761189203 FINAL line=11/41 time=52.910 text=Je danse avec le vent, la pluie
1761189203 FINAL line=12/41 time=57.620 text=Un peu d'amour, un brin de miel
1761189203 FINAL line=13/41 time=59.960 text=Et je danse, danse, danse, danse, danse, danse, danse
1761189203 FINAL line=14/41 time=65.320 text=Et dans le bruit, je cours et j'ai peur
1761189203 FINAL line=15/41 time=70.260 text=Est-ce mon tour? Vient la douleur
1761189203 FINAL line=16/41 time=74.240 text=Dans tout Paris, je m'abandonne
1761189203 FINAL line=17/41 time=77.260 text=Et je m'envole, vole, vole, vole, vole, vole, vole
1761189203 FINAL line=18/41 time=81.720 text=Que d'espérance
1761189203 FINAL line=19/41 time=84.620 text=Sur ce chemin en ton absence
1761189203 FINAL line=20/41 time=89.160 text=J'ai beau trimer, sans toi, ma vie n'est qu'un décor qui brille
1761189203 FINAL line=21/41 time=93.880 text=Vide de sens
1761189203 FINAL line=22/41 time=99.220 text=Je remue le ciel, le jour, la nuit
1761189203 FINAL line=23/41 time=102.960 text=Je danse avec le vent, la pluie
1761189203 FINAL line=24/41 time=107.740 text=Un peu d'amour, un brin de miel
1761189203 FINAL line=25/41 time=109.480 text=Et je danse, danse, danse, danse, danse, danse, danse
1761189203 FINAL line=26/41 time=115.640 text=Et dans le bruit, je cours et j'ai peur
1761189203 FINAL line=27/41 time=119.900 text=Est-ce mon tour? Vient la douleur
1761189203 FINAL line=28/41 time=124.320 text=Dans tout Paris, je m'abandonne
1761189203 FINAL line=29/41 time=127.100 text=Et je m'envole, vole, vole, vole, vole, vole, vole
1761189203 FINAL line=30/41 time=128.660 text=Dans cette douce souffrance
1761189203 FINAL line=31/41 time=131.100 text=Dont j'ai payé toutes les offenses
1761189203 FINAL line=32/41 time=133.260 text=Écoute comme mon cœur est immense
1761189203 FINAL line=33/41 time=159.560 text=Je suis une enfant du monde
1761189203 FINAL line=34/41 time=166.020 text=J'remue le ciel, le jour, la nuit
1761189203 FINAL line=35/41 time=169.300 text=Je danse avec le vent, la pluie
1761189203 FINAL line=36/41 time=174.500 text=Un peu d'amour, un brin de miel
1761189203 FINAL line=37/41 time=176.460 text=Et je danse, danse, danse, danse, danse, danse, danse
1761189203 FINAL line=38/41 time=182.180 text=Et dans le bruit, je cours et j'ai peur
1761189203 FINAL line=39/41 time=187.000 text=Est-ce mon tour? Vient la douleur
1761189203 FINAL line=40/41 time=191.180 text=Dans tout Paris, je m'abandonne
1761189203 FINAL line=41/41 time=193.840 text=Et je m'envole, vole, vole, vole, vole, vole, vole
1761189203 SUMMARY end
1761189269 CANCEL requested; stopped=True
1761189271 START pid=75206 song_id=fr_dernire_danse model=small duration=215 device=None samplerate=None channels=None hostapi=None
1761189271 JOB start pid=75206 song_id=fr_dernire_danse model=small duration=215.0
1761189271 RECORD start duration=215.0s device=0 samplerate=44100 channels=1
1761189437 CANCEL requested; stopped=True
1761189473 CANCEL requested; stopped=False
1761189546 CANCEL requested; stopped=False
1761189937 CANCEL requested; stopped=False
1761189939 START pid=81765 song_id=lv_etri_krasti model=small duration=281 device=None samplerate=None channels=None hostapi=None
1761189940 JOB start pid=81765 song_id=lv_etri_krasti model=small duration=281.0
1761189940 RECORD start duration=281.0s device=0 samplerate=44100 channels=1
1761190223 RECORD saved path=/home/diana/singlang_demo/data/captures/capture_1761189940.wav size=24784244
1761190223 TRANSCRIBE start model=small device=cpu compute=int8_float16 file=/home/diana/singlang_demo/data/captures/capture_1761189940.wav
1761190223 TRANSCRIBE model_init_error err=Requested int8_float16 compute type, but the target device or backend do not support efficient int8_float16 computation.; falling_back_to_cpu
1761190224 MODEL ready (CPU fallback) in 1.2s
1761190224 AUDIO warning low_level rms_db=-32.8dBFS — raise speaker volume for better results
1761190230 TRANSCRIBE fallback running full decode (coverage=0.00, words=0)
1761190237 TRANSCRIBE progress (full) t=30.6s/281.0s (11%) segments=1 words=1
1761190237 TRANSCRIBE progress (full) t=42.9s/281.0s (15%) segments=4 words=11
1761190237 TRANSCRIBE progress (full) t=48.5s/281.0s (17%) segments=5 words=14
1761190249 TRANSCRIBE progress (full) t=146.7s/281.0s (52%) segments=8 words=217
1761190253 TRANSCRIBE progress (full) t=154.4s/281.0s (55%) segments=10 words=235
1761190265 TRANSCRIBE progress (full) t=275.8s/281.0s (98%) segments=13 words=252
1761190265 TRANSCRIBE done words=252 in 40.6s (coverage=0.98)
1761190265 ALIGN line=1/50 time=45.580 text=Lai iesper zibens, gaudo suns
1761190265 ALIGN line=2/50 time=51.000 text=Mēs šonakt piedzimsim no jauna
1761190265 ALIGN line=3/50 time=54.420 text=Tad četros krastos degsies guns
1761190265 ALIGN line=4/50 time=55.200 text=Un lidos dzirksteles no kalna
1761190265 ALIGN jump_guard applied line=5 raw_score=27.0
1761190265 ALIGN line=5/50 time=130.560 text=Šampaniet's līst
1761190265 ALIGN line=6/50 time=130.560 text=Ikreiz gadu mijā
1761190265 ALIGN line=7/50 time=130.560 text=Domīgas zvaigznes
1761190265 ALIGN line=8/50 time=130.560 text=Slīkst manā akvārijā
1761190265 ALIGN line=9/50 time=130.560 text=Viss it kā bijis
1761190265 ALIGN line=10/50 time=130.560 text=Un viss vēl ir priekšā
1761190265 ALIGN line=11/50 time=130.560 text=Gaisma tik spoža
1761190265 ALIGN line=12/50 time=130.560 text=Atver acis un droši nāc iekšā
1761190265 ALIGN line=13/50 time=130.560 text=Lai iesper zibens, gaudo suns
1761190265 ALIGN line=14/50 time=130.560 text=Mēs šonakt piedzimsim no jauna
1761190265 ALIGN line=15/50 time=130.560 text=Tad četros krastos degsies guns
1761190265 ALIGN line=16/50 time=134.060 text=Un lidos dzirksteles no kalna
1761190265 ALIGN line=17/50 time=137.300 text=Mēs būsim ceļa zīmes ceļā
1761190265 ALIGN line=18/50 time=142.080 text=Un Sprīdītis uz meža takas
1761190265 ALIGN line=19/50 time=144.240 text=Ja vajag - caurums apakšveļā
1761190265 ALIGN line=20/50 time=146.680 text=Lai ko par mums tad arī saka
1761190265 ALIGN line=21/50 time=146.680 text=Gaiši zils logs
1761190265 ALIGN line=22/50 time=146.680 text=Vakaros vēlos
1761190265 ALIGN line=23/50 time=146.680 text=Es savus mīļos
1761190265 ALIGN line=24/50 time=146.680 text=Zaudēju nakts seriālos
1761190265 ALIGN line=25/50 time=146.680 text=Gaiši zils stars
1761190265 ALIGN line=26/50 time=146.680 text=Neliek man mieru
1761190265 ALIGN line=27/50 time=146.680 text=Un maldās uz vietas
1761190265 ALIGN line=28/50 time=146.680 text=Kā ģeogrāfs amatieru
1761190265 ALIGN line=29/50 time=146.680 text=Lai iesper zibens, gaudo suns
1761190265 ALIGN line=30/50 time=146.680 text=Mēs šonakt piedzimsism no jauna
1761190265 ALIGN line=31/50 time=146.680 text=Tad četrsos krastos degsies guns
1761190265 ALIGN line=32/50 time=146.680 text=Un lidos dzirksteles no kalna
1761190265 ALIGN line=33/50 time=146.680 text=Mēs būsim ceļa zīmes ceļā
1761190265 ALIGN line=34/50 time=146.680 text=Un Sprīdītis uz meža takas
1761190265 ALIGN line=35/50 time=146.680 text=Ja vajag- caurums apakšveļā
1761190265 ALIGN line=36/50 time=146.680 text=Lai ko par mums tad arī saka
1761190265 ALIGN line=37/50 time=146.680 text=Kad diena ir galā var nākamo sākt
1761190265 ALIGN line=38/50 time=146.680 text=Tā ir ar tām dienām- kāds iet un kāds nāk
1761190265 ALIGN line=39/50 time=146.680 text=Pulkstenis smilšu
1761190265 ALIGN line=40/50 time=146.680 text=Nekad nekļūs lēnāks
1761190265 ALIGN line=41/50 time=146.680 text=Kopā ir drošāk
1761190265 ALIGN line=42/50 time=146.680 text=Mēs vairs nedrīkstam slēpties ēnā
1761190265 ALIGN line=43/50 time=146.680 text=Un lai iesper zibens, gaudo suns
1761190265 ALIGN line=44/50 time=146.680 text=Mēs šonakt piedzimsim no jauna
1761190265 ALIGN line=45/50 time=147.140 text=Tad četros krastos degsies guns
1761190265 ALIGN line=46/50 time=147.480 text=Un lidos dzirksteles no kalna
1761190265 ALIGN line=47/50 time=154.380 text=Mēs būsim ceļa zīmes ceļā
1761190265 ALIGN line=48/50 time=156.020 text=Un Sprīdītis uz meža takas
1761190265 ALIGN line=49/50 time=157.240 text=Ja vajag - caurums apakšveļā
1761190265 ALIGN line=50/50 time=160.160 text=La ko par mums tad arī saka
1761190265 ALIGN offset applied seconds=3.0
1761190265 WRITE json path=/home/diana/singlang_demo/static/data/lv_etri_krasti.json lines=50 model=small
1761190265 SUMMARY begin lines=50 song=lv_etri_krasti
1761190265 FINAL line=1/50 time=48.580 text=Lai iesper zibens, gaudo suns
1761190265 FINAL line=2/50 time=54.000 text=Mēs šonakt piedzimsim no jauna
1761190265 FINAL line=3/50 time=57.420 text=Tad četros krastos degsies guns
1761190265 FINAL line=4/50 time=58.200 text=Un lidos dzirksteles no kalna
1761190265 FINAL line=5/50 time=133.560 text=Šampaniet's līst
1761190265 FINAL line=6/50 time=133.560 text=Ikreiz gadu mijā
1761190265 FINAL line=7/50 time=133.560 text=Domīgas zvaigznes
1761190265 FINAL line=8/50 time=133.560 text=Slīkst manā akvārijā
1761190265 FINAL line=9/50 time=133.560 text=Viss it kā bijis
1761190265 FINAL line=10/50 time=133.560 text=Un viss vēl ir priekšā
1761190265 FINAL line=11/50 time=133.560 text=Gaisma tik spoža
1761190265 FINAL line=12/50 time=133.560 text=Atver acis un droši nāc iekšā
1761190265 FINAL line=13/50 time=133.560 text=Lai iesper zibens, gaudo suns
1761190265 FINAL line=14/50 time=133.560 text=Mēs šonakt piedzimsim no jauna
1761190265 FINAL line=15/50 time=133.560 text=Tad četros krastos degsies guns
1761190265 FINAL line=16/50 time=137.060 text=Un lidos dzirksteles no kalna
1761190265 FINAL line=17/50 time=140.300 text=Mēs būsim ceļa zīmes ceļā
1761190265 FINAL line=18/50 time=145.080 text=Un Sprīdītis uz meža takas
1761190265 FINAL line=19/50 time=147.240 text=Ja vajag - caurums apakšveļā
1761190265 FINAL line=20/50 time=149.680 text=Lai ko par mums tad arī saka
1761190265 FINAL line=21/50 time=149.680 text=Gaiši zils logs
1761190265 FINAL line=22/50 time=149.680 text=Vakaros vēlos
1761190265 FINAL line=23/50 time=149.680 text=Es savus mīļos
1761190265 FINAL line=24/50 time=149.680 text=Zaudēju nakts seriālos
1761190265 FINAL line=25/50 time=149.680 text=Gaiši zils stars
1761190265 FINAL line=26/50 time=149.680 text=Neliek man mieru
1761190265 FINAL line=27/50 time=149.680 text=Un maldās uz vietas
1761190265 FINAL line=28/50 time=149.680 text=Kā ģeogrāfs amatieru
1761190265 FINAL line=29/50 time=149.680 text=Lai iesper zibens, gaudo suns
1761190265 FINAL line=30/50 time=149.680 text=Mēs šonakt piedzimsism no jauna
1761190265 FINAL line=31/50 time=149.680 text=Tad četrsos krastos degsies guns
1761190265 FINAL line=32/50 time=149.680 text=Un lidos dzirksteles no kalna
1761190265 FINAL line=33/50 time=149.680 text=Mēs būsim ceļa zīmes ceļā
1761190265 FINAL line=34/50 time=149.680 text=Un Sprīdītis uz meža takas
1761190265 FINAL line=35/50 time=149.680 text=Ja vajag- caurums apakšveļā
1761190265 FINAL line=36/50 time=149.680 text=Lai ko par mums tad arī saka
1761190265 FINAL line=37/50 time=149.680 text=Kad diena ir galā var nākamo sākt
1761190265 FINAL line=38/50 time=149.680 text=Tā ir ar tām dienām- kāds iet un kāds nāk
1761190265 FINAL line=39/50 time=149.680 text=Pulkstenis smilšu
1761190265 FINAL line=40/50 time=149.680 text=Nekad nekļūs lēnāks
1761190265 FINAL line=41/50 time=149.680 text=Kopā ir drošāk
1761190265 FINAL line=42/50 time=149.680 text=Mēs vairs nedrīkstam slēpties ēnā
1761190265 FINAL line=43/50 time=149.680 text=Un lai iesper zibens, gaudo suns
1761190265 FINAL line=44/50 time=149.680 text=Mēs šonakt piedzimsim no jauna
1761190265 FINAL line=45/50 time=150.140 text=Tad četros krastos degsies guns
1761190265 FINAL line=46/50 time=150.480 text=Un lidos dzirksteles no kalna
1761190265 FINAL line=47/50 time=157.380 text=Mēs būsim ceļa zīmes ceļā
1761190265 FINAL line=48/50 time=159.020 text=Un Sprīdītis uz meža takas
1761190265 FINAL line=49/50 time=160.240 text=Ja vajag - caurums apakšveļā
1761190265 FINAL line=50/50 time=163.160 text=La ko par mums tad arī saka
1761190265 SUMMARY end
1761190297 CANCEL requested; stopped=True
1761190298 START pid=86337 song_id=lv_etri_krasti model=small duration=281 device=None samplerate=None channels=None hostapi=None
1761190299 JOB start pid=86337 song_id=lv_etri_krasti model=small duration=281.0
1761190299 RECORD start duration=281.0s device=0 samplerate=44100 channels=1
1761190365 CANCEL requested; stopped=True
1761190370 CANCEL requested; stopped=False
1761190373 START pid=87315 song_id=lv_rudens_ka_rudens model=small duration=232 device=None samplerate=None channels=None hostapi=None
1761190373 JOB start pid=87315 song_id=lv_rudens_ka_rudens model=small duration=232.0
1761190373 RECORD start duration=232.0s device=0 samplerate=44100 channels=1
1761190457 RECORD saved path=/home/diana/singlang_demo/data/captures/capture_1761190373.wav size=20462444
1761190457 TRANSCRIBE start model=small device=cpu compute=int8_float16 file=/home/diana/singlang_demo/data/captures/capture_1761190373.wav
1761190463 TRANSCRIBE model_init_error err=Requested int8_float16 compute type, but the target device or backend do not support efficient int8_float16 computation.; falling_back_to_cpu
1761190464 MODEL ready (CPU fallback) in 1.0s
1761190464 AUDIO warning low_level rms_db=-42.0dBFS — raise speaker volume for better results
1761190469 TRANSCRIBE progress (vad) t=49.8s/232.0s (21%) segments=1 words=5
1761190469 TRANSCRIBE fallback running full decode (coverage=0.21, words=5)
1761190475 TRANSCRIBE progress (full) t=49.8s/232.0s (21%) segments=1 words=5
1761190477 TRANSCRIBE progress (full) t=82.8s/232.0s (36%) segments=2 words=6
1761190479 TRANSCRIBE progress (full) t=112.8s/232.0s (49%) segments=3 words=7
1761190480 TRANSCRIBE progress (full) t=142.8s/232.0s (62%) segments=4 words=8
1761190482 TRANSCRIBE progress (full) t=172.8s/232.0s (74%) segments=5 words=9
1761190484 TRANSCRIBE progress (full) t=202.8s/232.0s (87%) segments=6 words=10
1761190486 TRANSCRIBE progress (full) t=232.0s/232.0s (100%) segments=7 words=11
1761190486 TRANSCRIBE done words=11 in 21.6s (coverage=1.00)
1761190486 ALIGN line=1/27 time=49.440 text=Rudens kā rudens
1761190486 ALIGN jump_guard applied line=2 raw_score=32.1
1761190486 ALIGN line=2/27 time=230.580 text=Biezie un gājputni laižas uz Nīlu
1761190486 ALIGN line=3/27 time=230.580 text=Pēkšņi man likās
1761190486 ALIGN line=4/27 time=230.580 text=Tu esi mans draugs un es tevi mazliet mīlu
1761190486 ALIGN line=5/27 time=230.580 text=Saule cēlās un krita
1761190486 ALIGN line=6/27 time=230.580 text=Es biju tavs meistars un tu mana Margarita
1761190486 ALIGN line=7/27 time=230.580 text=Vai izskaidrot proti?
1761190486 ALIGN line=8/27 time=230.580 text=Ja sākumā likās mazliet
1761190486 ALIGN line=9/27 time=230.580 text=Tad nu jau ļoti, ļoti
1761190486 ALIGN line=10/27 time=230.580 text=Kāds mūs sauc tepat aiz stūra
1761190486 ALIGN line=11/27 time=230.580 text=Vai klusi dauzās pie palodzes
1761190486 ALIGN line=12/27 time=230.580 text=Laid savus putnus ārā no būra
1761190486 ALIGN line=13/27 time=230.580 text=Uz kurieni tie lidos, tur arī es
1761190486 ALIGN line=14/27 time=230.580 text=Joprojām ļoti, ļoti
1761190486 ALIGN line=15/27 time=230.580 text=Kad barojām pīles
1761190486 ALIGN line=16/27 time=230.580 text=Asaras krita tev lielas kā ozola zīles
1761190486 ALIGN line=17/27 time=230.580 text=Laiki met lokus
1761190486 ALIGN line=18/27 time=230.580 text=Dažreiz saule slēpjas kastaņu kokos
1761190486 ALIGN line=19/27 time=230.580 text=Kā jūrnieki rumu
1761190486 ALIGN line=20/27 time=230.580 text=Tu gribi Munameģi, es braukšu uz Karakumu
1761190486 ALIGN line=21/27 time=230.580 text=Ar sarkanām neļķēm laiks atvadīties
1761190486 ALIGN line=22/27 time=230.580 text=Ir rudens
1761190486 ALIGN line=23/27 time=230.580 text=Ļaudis klīst pa vientuļām peļķēm
1761190486 ALIGN line=24/27 time=230.580 text=Kāds mūs sauc tepat aiz stūra
1761190486 ALIGN line=25/27 time=230.580 text=Vai klusi dauzās pie palodzes
1761190486 ALIGN line=26/27 time=230.580 text=Laid savus putnus ārā no būra
1761190486 ALIGN line=27/27 time=230.580 text=Uz kurieni tie lidos, tur arī es
1761190486 ALIGN offset applied seconds=3.0
1761190486 WRITE json path=/home/diana/singlang_demo/static/data/lv_rudens_ka_rudens.json lines=27 model=small
1761190486 SUMMARY begin lines=27 song=lv_rudens_ka_rudens
1761190486 FINAL line=1/27 time=52.440 text=Rudens kā rudens
1761190486 FINAL line=2/27 time=233.580 text=Biezie un gājputni laižas uz Nīlu
1761190486 FINAL line=3/27 time=233.580 text=Pēkšņi man likās
1761190486 FINAL line=4/27 time=233.580 text=Tu esi mans draugs un es tevi mazliet mīlu
1761190486 FINAL line=5/27 time=233.580 text=Saule cēlās un krita
1761190486 FINAL line=6/27 time=233.580 text=Es biju tavs meistars un tu mana Margarita
1761190486 FINAL line=7/27 time=233.580 text=Vai izskaidrot proti?
1761190486 FINAL line=8/27 time=233.580 text=Ja sākumā likās mazliet
1761190486 FINAL line=9/27 time=233.580 text=Tad nu jau ļoti, ļoti
1761190486 FINAL line=10/27 time=233.580 text=Kāds mūs sauc tepat aiz stūra
1761190486 FINAL line=11/27 time=233.580 text=Vai klusi dauzās pie palodzes
1761190486 FINAL line=12/27 time=233.580 text=Laid savus putnus ārā no būra
1761190486 FINAL line=13/27 time=233.580 text=Uz kurieni tie lidos, tur arī es
1761190486 FINAL line=14/27 time=233.580 text=Joprojām ļoti, ļoti
1761190486 FINAL line=15/27 time=233.580 text=Kad barojām pīles
1761190486 FINAL line=16/27 time=233.580 text=Asaras krita tev lielas kā ozola zīles
1761190486 FINAL line=17/27 time=233.580 text=Laiki met lokus
1761190486 FINAL line=18/27 time=233.580 text=Dažreiz saule slēpjas kastaņu kokos
1761190486 FINAL line=19/27 time=233.580 text=Kā jūrnieki rumu
1761190486 FINAL line=20/27 time=233.580 text=Tu gribi Munameģi, es braukšu uz Karakumu
1761190486 FINAL line=21/27 time=233.580 text=Ar sarkanām neļķēm laiks atvadīties
1761190486 FINAL line=22/27 time=233.580 text=Ir rudens
1761190486 FINAL line=23/27 time=233.580 text=Ļaudis klīst pa vientuļām peļķēm
1761190486 FINAL line=24/27 time=233.580 text=Kāds mūs sauc tepat aiz stūra
1761190486 FINAL line=25/27 time=233.580 text=Vai klusi dauzās pie palodzes
1761190486 FINAL line=26/27 time=233.580 text=Laid savus putnus ārā no būra
1761190486 FINAL line=27/27 time=233.580 text=Uz kurieni tie lidos, tur arī es
1761190486 SUMMARY end
1763814985 CANCEL requested; stopped=True
1763814985 START pid=105182 song_id=fr_copines model=small duration=172 device=None samplerate=None channels=None hostapi=None capture_source=loopback
1763814986 JOB start pid=105182 song_id=fr_copines model=small duration=172.0
1763814986 WARN no_loopback_device_found; falling back to default input
1763814986 RECORD start duration=172.0s device=0 samplerate=44100 channels=1
1763814987 START pid=105215 song_id=fr_copines model=small duration=173 device=None samplerate=None channels=None hostapi=None capture_source=loopback
1763814988 JOB start pid=105215 song_id=fr_copines model=small duration=173.0
1763814988 WARN no_loopback_device_found; falling back to default input
1763814988 RECORD start duration=173.0s device=0 samplerate=44100 channels=1
1763815160 RECORD saved path=/home/diana/singlang_demo/data/captures/capture_1763814988.wav size=15258644
1763815160 TRANSCRIBE start model=small device=auto compute=default file=/home/diana/singlang_demo/data/captures/capture_1763814988.wav
1763815164 MODEL ready in 3.9s device=auto compute=auto
1763815164 AUDIO warning low_level rms_db=-35.2dBFS — raise speaker volume for better results
1763815217 CANCEL requested; stopped=True
1763815217 START pid=108174 song_id=fr_copines model=small duration=172 device=None samplerate=None channels=None hostapi=None capture_source=loopback
1763815217 JOB start pid=108174 song_id=fr_copines model=small duration=172.0
1763815217 WARN no_loopback_device_found; falling back to default input
1763815217 RECORD start duration=172.0s device=0 samplerate=44100 channels=1
1763815219 START pid=108216 song_id=fr_copines model=small duration=173 device=None samplerate=None channels=None hostapi=None capture_source=loopback
1763815219 JOB start pid=108216 song_id=fr_copines model=small duration=173.0
1763815219 WARN no_loopback_device_found; falling back to default input
1763815219 RECORD start duration=173.0s device=0 samplerate=44100 channels=1
1763815391 RECORD saved path=/home/diana/singlang_demo/data/captures/capture_1763815219.wav size=15258644
1763815391 TRANSCRIBE start model=small device=auto compute=default file=/home/diana/singlang_demo/data/captures/capture_1763815219.wav
1763815395 MODEL ready in 3.4s device=auto compute=auto
1763815395 AUDIO warning low_level rms_db=-35.1dBFS — raise speaker volume for better results
1763815434 CANCEL requested; stopped=True
1763815434 START pid=110999 song_id=fr_btrd model=small duration=140 device=None samplerate=None channels=None hostapi=None capture_source=loopback
1763815434 JOB start pid=110999 song_id=fr_btrd model=small duration=140.0
1763815434 WARN no_loopback_device_found; falling back to default input
1763815434 RECORD start duration=140.0s device=0 samplerate=44100 channels=1
1763815436 START pid=111031 song_id=fr_btrd model=small duration=142 device=None samplerate=None channels=None hostapi=None capture_source=loopback
1763815436 JOB start pid=111031 song_id=fr_btrd model=small duration=142.0
1763815436 WARN no_loopback_device_found; falling back to default input
1763815436 RECORD start duration=142.0s device=0 samplerate=44100 channels=1
1763815577 CANCEL requested; stopped=True
1763815578 START pid=112901 song_id=fr_tous_les_mmes model=small duration=96 device=None samplerate=None channels=None hostapi=None capture_source=loopback
1763815578 JOB start pid=112901 song_id=fr_tous_les_mmes model=small duration=96.0
1763815578 WARN no_loopback_device_found; falling back to default input
1763815578 RECORD start duration=96.0s device=0 samplerate=44100 channels=1
1763815581 START pid=112972 song_id=fr_tous_les_mmes model=small duration=212 device=None samplerate=None channels=None hostapi=None capture_source=loopback
1763815582 JOB start pid=112972 song_id=fr_tous_les_mmes model=small duration=212.0
1763815582 WARN no_loopback_device_found; falling back to default input
1763815582 RECORD start duration=212.0s device=0 samplerate=44100 channels=1
1763815793 RECORD saved path=/home/diana/singlang_demo/data/captures/capture_1763815582.wav size=18698444
1763815793 TRANSCRIBE start model=small device=auto compute=default file=/home/diana/singlang_demo/data/captures/capture_1763815582.wav
1763815797 MODEL ready in 3.2s device=auto compute=auto
1763815797 AUDIO warning low_level rms_db=-37.0dBFS — raise speaker volume for better results
1763966035 CANCEL requested; stopped=True
1763966035 START pid=2258 song_id=fr_jamais_toi model=small duration=167 device=None samplerate=None channels=None hostapi=None capture_source=loopback
1763966036 JOB start pid=2258 song_id=fr_jamais_toi model=small duration=167.0
1763966036 WARN no_loopback_device_found; falling back to default input
1763966036 RECORD start duration=167.0s device=0 samplerate=44100 channels=1
1763966037 START pid=2300 song_id=fr_jamais_toi model=small duration=169 device=None samplerate=None channels=None hostapi=None capture_source=loopback
1763966038 JOB start pid=2300 song_id=fr_jamais_toi model=small duration=169.0
1763966038 WARN no_loopback_device_found; falling back to default input
1763966038 RECORD start duration=169.0s device=0 samplerate=44100 channels=1
1763966207 RECORD saved path=/home/diana/singlang_demo/data/captures/capture_1763966038.wav size=14905844
1763966207 TRANSCRIBE start model=small device=auto compute=default file=/home/diana/singlang_demo/data/captures/capture_1763966038.wav
1763966210 MODEL ready in 3.9s device=auto compute=auto
1763966211 AUDIO warning low_level rms_db=-42.5dBFS — raise speaker volume for better results
1764235167 CANCEL requested; stopped=True
1764235167 START pid=4314 song_id=ru_ model=small duration=57 device=None samplerate=None channels=None hostapi=None capture_source=loopback
1764235942 CANCEL requested; stopped=True
1764235942 START pid=10013 song_id=fr_btrd model=small duration=140 device=None samplerate=None channels=None hostapi=None capture_source=loopback
1764236106 CANCEL requested; stopped=True
1764236106 START pid=11574 song_id=fr_btrd model=small duration=140 device=None samplerate=None channels=None hostapi=None capture_source=loopback
1764236114 CANCEL requested; stopped=True
1764236130 CANCEL requested; stopped=False
1764236130 START pid=11877 song_id=fr_btrd model=small duration=140 device=None samplerate=None channels=None hostapi=None capture_source=loopback
1764236141 CANCEL requested; stopped=True
1764236548 CANCEL requested; stopped=False
1764236548 START pid=15460 song_id=fr_fever model=small duration=157 device=None samplerate=None channels=None hostapi=None capture_source=loopback
1764236868 CANCEL requested; stopped=True
1764236868 START pid=18531 song_id=fr_fever model=small duration=157 device=None samplerate=None channels=None hostapi=None capture_source=loopback
1764237628 CANCEL requested; stopped=True
1764237629 START pid=25675 song_id=fr_dernire_danse model=small duration=123 device=None samplerate=None channels=None hostapi=None capture_source=loopback
1764237835 CANCEL requested; stopped=True
1764237835 START pid=27623 song_id=fr_copines model=small duration=172 device=None samplerate=None channels=None hostapi=None capture_source=loopback
1764238014 CANCEL requested; stopped=True
1764238014 START pid=29281 song_id=fr_jai_tout_donn model=small duration=225 device=None samplerate=None channels=None hostapi=None capture_source=loopback
1764238203 CANCEL requested; stopped=True
1764238203 START pid=31053 song_id=fr_jai_besoin_de_toi_jai_besoin_de_lui model=small duration=197 device=None samplerate=None channels=None hostapi=None capture_source=loopback
1764238406 CANCEL requested; stopped=True
1764238406 START pid=32979 song_id=fr_dans_le_miroir model=small duration=209 device=None samplerate=None channels=None hostapi=None capture_source=loopback
1764238577 CANCEL requested; stopped=True
1764238577 START pid=34584 song_id=fr_tous_les_mmes model=small duration=96 device=None samplerate=None channels=None hostapi=None capture_source=loopback
1764238773 CANCEL requested; stopped=True
1764238773 START pid=36390 song_id=fr_ella_elle_la model=small duration=419 device=None samplerate=None channels=None hostapi=None capture_source=loopback
1764238786 CANCEL requested; stopped=True
1764238786 START pid=36530 song_id=fr_alors_on_danse_mowgli_remix model=small duration=391 device=None samplerate=None channels=None hostapi=None capture_source=loopback
1764238829 CANCEL requested; stopped=True
1764238829 START pid=36951 song_id=fr_jamais_toi model=small duration=167 device=None samplerate=None channels=None hostapi=None capture_source=loopback
1764238996 CANCEL requested; stopped=True
1764238997 START pid=38521 song_id=fr_chante model=small duration=209 device=None samplerate=None channels=None hostapi=None capture_source=loopback
1764239030 CANCEL requested; stopped=True
1764239030 START pid=38853 song_id=ru_ model=small duration=57 device=None samplerate=None channels=None hostapi=None capture_source=loopback
1764239046 CANCEL requested; stopped=True
1764239046 START pid=39017 song_id=ru_ model=small duration=57 device=None samplerate=None channels=None hostapi=None capture_source=loopback
1764239052 CANCEL requested; stopped=True
1764239052 START pid=39093 song_id=ru_ model=small duration=57 device=None samplerate=None channels=None hostapi=None capture_source=loopback
1764239055 CANCEL requested; stopped=True
1764239055 START pid=39141 song_id=ru_ model=small duration=57 device=None samplerate=None channels=None hostapi=None capture_source=loopback
1764239059 CANCEL requested; stopped=True
1764239059 START pid=39185 song_id=ru_ model=small duration=57 device=None samplerate=None channels=None hostapi=None capture_source=loopback
1764239063 CANCEL requested; stopped=True
1764239063 START pid=39246 song_id=ru_ model=small duration=57 device=None samplerate=None channels=None hostapi=None capture_source=loopback
1764239260 CANCEL requested; stopped=True
1764239260 START pid=40098 song_id=ru_ model=small duration=57 device=None samplerate=None channels=None hostapi=None capture_source=loopback
1764239263 CANCEL requested; stopped=True
1764239263 START pid=40146 song_id=ru_ model=small duration=57 device=None samplerate=None channels=None hostapi=None capture_source=loopback
1764239267 CANCEL requested; stopped=True
1764239862 CANCEL requested; stopped=False
1764239862 START pid=44378 song_id=ru_ model=small duration=57 device=None samplerate=None channels=None hostapi=None capture_source=loopback
1764239866 CANCEL requested; stopped=True
1764239866 START pid=44438 song_id=es_weltita model=small duration=162 device=None samplerate=None channels=None hostapi=None capture_source=loopback
1764239876 CANCEL requested; stopped=True
1764239876 START pid=44544 song_id=es_diles model=small duration=286 device=None samplerate=None channels=None hostapi=None capture_source=loopback
1764239915 CANCEL requested; stopped=True
1764239915 START pid=44813 song_id=fr_dcharge_mentale model=small duration=125 device=None samplerate=None channels=None hostapi=None capture_source=loopback
1764240069 CANCEL requested; stopped=True
1764240069 START pid=45570 song_id=fr_aicha model=small duration=257 device=None samplerate=None channels=None hostapi=None capture_source=loopback
1764240302 CANCEL requested; stopped=True
1764240302 START pid=47768 song_id=fr_feel_good model=small duration=163 device=None samplerate=None channels=None hostapi=None capture_source=loopback
1764240490 CANCEL requested; stopped=True
1764240490 START pid=49471 song_id=fr_dernire_danse model=small duration=123 device=None samplerate=None channels=None hostapi=None capture_source=loopback
1764240496 CANCEL requested; stopped=True
1764240496 START pid=49557 song_id=fr_gnration_impolie model=small duration=141 device=None samplerate=None channels=None hostapi=None capture_source=loopback
1764240645 CANCEL requested; stopped=True
1764240645 START pid=50940 song_id=fr_boss model=small duration=196 device=None samplerate=None channels=None hostapi=None capture_source=loopback
1764240842 CANCEL requested; stopped=True
1764240842 START pid=52790 song_id=fr_baby_boy model=small duration=187 device=None samplerate=None channels=None hostapi=None capture_source=loopback
1764241031 CANCEL requested; stopped=True
1764241032 START pid=54560 song_id=fr_jai_tout_donn model=small duration=225 device=None samplerate=None channels=None hostapi=None capture_source=loopback
1764241132 CANCEL requested; stopped=True
1764241132 START pid=55532 song_id=fr_jamais_toi model=small duration=167 device=None samplerate=None channels=None hostapi=None capture_source=loopback
1764241241 CANCEL requested; stopped=True
1764241244 CANCEL requested; stopped=False
1764241244 START pid=56562 song_id=ru_ model=small duration=57 device=None samplerate=None channels=None hostapi=None capture_source=loopback
1764241254 CANCEL requested; stopped=True
1764241258 CANCEL requested; stopped=False
1764241258 START pid=56708 song_id=ru_ model=small duration=57 device=None samplerate=None channels=None hostapi=None capture_source=loopback
1764241264 CANCEL requested; stopped=True
1764241422 CANCEL requested; stopped=False
1764241422 START pid=58240 song_id=ru__4 model=small duration=215 device=None samplerate=None channels=None hostapi=None capture_source=loopback
1764241637 CANCEL requested; stopped=True
1764241637 START pid=60261 song_id=ru__5 model=small duration=274 device=None samplerate=None channels=None hostapi=None capture_source=loopback
1764241922 CANCEL requested; stopped=True
1764241922 START pid=62912 song_id=ru__10 model=small duration=188 device=None samplerate=None channels=None hostapi=None capture_source=loopback
1764242105 CANCEL requested; stopped=True
1764242105 START pid=64642 song_id=ru__12 model=small duration=163 device=None samplerate=None channels=None hostapi=None capture_source=loopback
1764242111 CANCEL requested; stopped=True
1764242111 START pid=64717 song_id=ru__13 model=small duration=220 device=None samplerate=None channels=None hostapi=None capture_source=loopback
1764242316 CANCEL requested; stopped=True
1764242316 START pid=66636 song_id=ru__8 model=small duration=228 device=None samplerate=None channels=None hostapi=None capture_source=loopback
1764242523 CANCEL requested; stopped=True
1764242523 START pid=68558 song_id=ru__2 model=small duration=173 device=None samplerate=None channels=None hostapi=None capture_source=loopback
1764242746 CANCEL requested; stopped=True
1764242746 START pid=70629 song_id=ru__7 model=small duration=214 device=None samplerate=None channels=None hostapi=None capture_source=loopback
1764242932 CANCEL requested; stopped=True
1764242932 START pid=72412 song_id=ru__11 model=small duration=247 device=None samplerate=None channels=None hostapi=None capture_source=loopback
1764243164 CANCEL requested; stopped=True
1764243164 START pid=74585 song_id=ru__3 model=small duration=171 device=None samplerate=None channels=None hostapi=None capture_source=loopback
1764243306 CANCEL requested; stopped=True
1764243306 START pid=75954 song_id=ru__9 model=small duration=135 device=None samplerate=None channels=None hostapi=None capture_source=loopback
1764243452 CANCEL requested; stopped=True
1764243452 START pid=77301 song_id=ru__3 model=small duration=171 device=None samplerate=None channels=None hostapi=None capture_source=loopback
1764243458 CANCEL requested; stopped=True
1764243458 START pid=77385 song_id=ru_life model=small duration=188 device=None samplerate=None channels=None hostapi=None capture_source=loopback
1764243646 CANCEL requested; stopped=True
1764243646 START pid=79137 song_id=ru__6 model=small duration=234 device=None samplerate=None channels=None hostapi=None capture_source=loopback
1764243863 CANCEL requested; stopped=True
1764243863 START pid=81193 song_id=ru_mama_ya_ne_mogu_bolshe_pit model=small duration=260 device=None samplerate=None channels=None hostapi=None capture_source=loopback
1764243871 CANCEL requested; stopped=True
1764243871 START pid=81279 song_id=ru_mama_ya_ne_mogu_bolshe_pit model=small duration=260 device=None samplerate=None channels=None hostapi=None capture_source=loopback
1764243879 CANCEL requested; stopped=True
1764243879 START pid=81366 song_id=lv_signals model=small duration=191 device=None samplerate=None channels=None hostapi=None capture_source=loopback
1764244065 CANCEL requested; stopped=True
1764244065 START pid=83127 song_id=lv_omars_theme model=small duration=188 device=None samplerate=None channels=None hostapi=None capture_source=loopback
1764244080 CANCEL requested; stopped=True
1764244080 START pid=83271 song_id=lv_zemenes model=small duration=224 device=None samplerate=None channels=None hostapi=None capture_source=loopback
1764244291 CANCEL requested; stopped=True
1764244291 START pid=85258 song_id=lv_pedeja_vestule model=small duration=224 device=None samplerate=None channels=None hostapi=None capture_source=loopback
1764244493 CANCEL requested; stopped=True
1764244493 START pid=87167 song_id=lv_stundiu_divas model=small duration=171 device=None samplerate=None channels=None hostapi=None capture_source=loopback
1764244648 CANCEL requested; stopped=True
1764244648 START pid=88630 song_id=lv_tu_izvljies_palikt model=small duration=258 device=None samplerate=None channels=None hostapi=None capture_source=loopback
1764244855 CANCEL requested; stopped=True
1764244855 START pid=90587 song_id=lv_bunkurs_13 model=small duration=127 device=None samplerate=None channels=None hostapi=None capture_source=loopback
1764244983 CANCEL requested; stopped=True
1764244983 START pid=91791 song_id=lv_saule_prkons_daugava model=small duration=271 device=None samplerate=None channels=None hostapi=None capture_source=loopback
1764245013 CANCEL requested; stopped=True
1764245013 START pid=92090 song_id=lv_es_skrienu model=small duration=185 device=None samplerate=None channels=None hostapi=None capture_source=loopback
1764245194 CANCEL requested; stopped=True
1764245194 START pid=93807 song_id=lv_kans_kur_atteics_no_jrasskolas model=small duration=182 device=None samplerate=None channels=None hostapi=None capture_source=loopback
1764245208 CANCEL requested; stopped=True
1764246462 START pid=104897 song_id=lv_kans_kur_atteics_no_jrasskolas model=large duration=185 device=None samplerate=None channels=None hostapi=None capture_source=loopback
1764246467 CANCEL requested; stopped=True
1764246475 START pid=105028 song_id=lv_kans_kur_atteics_no_jrasskolas model=large duration=185 device=None samplerate=None channels=None hostapi=None capture_source=loopback
1764246498 CANCEL requested; stopped=True
1764246498 START pid=105237 song_id=lv_stundiu_divas model=small duration=171 device=None samplerate=None channels=None hostapi=None capture_source=loopback
1764246505 CANCEL requested; stopped=True
1764246505 START pid=105318 song_id=lv_tu_izvljies_palikt model=small duration=258 device=None samplerate=None channels=None hostapi=None capture_source=loopback
1764246510 CANCEL requested; stopped=True
1764246510 START pid=105378 song_id=lv_bunkurs_13 model=small duration=127 device=None samplerate=None channels=None hostapi=None capture_source=loopback
1764246512 CANCEL requested; stopped=True
1764246512 START pid=105413 song_id=lv_saule_prkons_daugava model=small duration=271 device=None samplerate=None channels=None hostapi=None capture_source=loopback
1764246517 CANCEL requested; stopped=True
1764246517 START pid=105470 song_id=lv_es_skrienu model=small duration=185 device=None samplerate=None channels=None hostapi=None capture_source=loopback
1764246522 CANCEL requested; stopped=True
1764246522 START pid=105530 song_id=lv_kans_kur_atteics_no_jrasskolas model=small duration=182 device=None samplerate=None channels=None hostapi=None capture_source=loopback
1764246682 CANCEL requested; stopped=True
1764246682 START pid=106989 song_id=lv_zaudjam_brli model=small duration=204 device=None samplerate=None channels=None hostapi=None capture_source=loopback
1764246967 CANCEL requested; stopped=True
1764246990 CANCEL requested; stopped=False
1764246990 START pid=108494 song_id=lv_etri_krasti model=small duration=250 device=None samplerate=None channels=None hostapi=None capture_source=loopback
1764247248 CANCEL requested; stopped=True
1764247248 START pid=110927 song_id=lv_maz_bilu_rmt model=small duration=215 device=None samplerate=None channels=None hostapi=None capture_source=loopback
1764247267 CANCEL requested; stopped=True
1764247267 START pid=111124 song_id=lv_rudens_ka_rudens model=small duration=220 device=None samplerate=None channels=None hostapi=None capture_source=loopback
1764247452 CANCEL requested; stopped=True
1764247452 START pid=112898 song_id=lv_sekundes model=small duration=180 device=None samplerate=None channels=None hostapi=None capture_source=loopback
1764247550 CANCEL requested; stopped=True
1764247550 START pid=113784 song_id=lv_sekundes model=small duration=180 device=None samplerate=None channels=None hostapi=None capture_source=loopback
1764247788 CANCEL requested; stopped=True
1764247788 START pid=116023 song_id=lv_rudens_ka_rudens model=small duration=220 device=None samplerate=None channels=None hostapi=None capture_source=loopback
1764247996 CANCEL requested; stopped=True
1764248066 CANCEL requested; stopped=False
1764248066 START pid=118610 song_id=es_tu_boda model=small duration=226 device=None samplerate=None channels=None hostapi=None capture_source=loopback
1764248265 CANCEL requested; stopped=True
1764248265 START pid=120488 song_id=es_uwaie model=small duration=172 device=None samplerate=None channels=None hostapi=None capture_source=loopback
1764248274 CANCEL requested; stopped=True
1764248356 CANCEL requested; stopped=False
1764248356 START pid=121297 song_id=es_5_7 model=small duration=175 device=None samplerate=None channels=None hostapi=None capture_source=loopback
1764248519 CANCEL requested; stopped=True
1764248519 START pid=122842 song_id=es_all_time model=small duration=174 device=None samplerate=None channels=None hostapi=None capture_source=loopback
1764248695 CANCEL requested; stopped=True
1764248695 START pid=124505 song_id=es_kloufrens model=small duration=150 device=None samplerate=None channels=None hostapi=None capture_source=loopback
1764248700 CANCEL requested; stopped=True
1764248785 CANCEL requested; stopped=False
1764248785 START pid=125312 song_id=es_nica model=small duration=145 device=None samplerate=None channels=None hostapi=None capture_source=loopback
1764248907 CANCEL requested; stopped=True
1764248907 START pid=126474 song_id=es_lamento_boliviano model=small duration=223 device=None samplerate=None channels=None hostapi=None capture_source=loopback
1764248912 CANCEL requested; stopped=True
1764248993 START pid=127253 song_id=es_lamento_boliviano model=large duration=224 device=None samplerate=None channels=None hostapi=None capture_source=loopback
1764248999 CANCEL requested; stopped=True
1764248999 START pid=127305 song_id=es_weltita model=small duration=162 device=None samplerate=None channels=None hostapi=None capture_source=loopback
1764249014 CANCEL requested; stopped=True
1764249014 START pid=127488 song_id=es_te_quiero_y_me_miento model=small duration=154 device=None samplerate=None channels=None hostapi=None capture_source=loopback
1764249075 CANCEL requested; stopped=True
1764249369 CANCEL requested; stopped=False
1764249369 START pid=130617 song_id=es_yonaguni model=small duration=207 device=None samplerate=None channels=None hostapi=None capture_source=loopback
1764249593 CANCEL requested; stopped=True
1764249593 START pid=132715 song_id=es_diles model=small duration=286 device=None samplerate=None channels=None hostapi=None capture_source=loopback
1764250207 CANCEL requested; stopped=True
1764250207 START pid=138299 song_id=es_dos_das model=small duration=154 device=None samplerate=None channels=None hostapi=None capture_source=loopback
1764250215 CANCEL requested; stopped=True
1764250215 START pid=138397 song_id=es_pepas model=small duration=287 device=None samplerate=None channels=None hostapi=None capture_source=loopback
1764250504 CANCEL requested; stopped=True
1764250504 START pid=140983 song_id=es_despech model=small duration=157 device=None samplerate=None channels=None hostapi=None capture_source=loopback
1764250517 CANCEL requested; stopped=True
1764250517 START pid=141123 song_id=es_despech model=small duration=157 device=None samplerate=None channels=None hostapi=None capture_source=loopback
1764250684 CANCEL requested; stopped=True
1764250684 START pid=142621 song_id=es_mi_gente model=small duration=158 device=None samplerate=None channels=None hostapi=None capture_source=loopback
1764250932 CANCEL requested; stopped=True
1764250932 START pid=144516 song_id=es_weltita model=small duration=162 device=None samplerate=None channels=None hostapi=None capture_source=loopback
1764251184 CANCEL requested; stopped=True
1764251184 START pid=146740 song_id=es_weltita model=small duration=162 device=None samplerate=None channels=None hostapi=None capture_source=loopback
1764251376 CANCEL requested; stopped=True
1764251376 START pid=148414 song_id=es_te_quiero_y_me_miento model=small duration=154 device=None samplerate=None channels=None hostapi=None capture_source=loopback
1764251394 CANCEL requested; stopped=True
1764251394 START pid=148584 song_id=es_y_lloro model=small duration=179 device=None samplerate=None channels=None hostapi=None capture_source=loopback
1764251546 CANCEL requested; stopped=True
1764251546 START pid=149879 song_id=es_voy_a_llevarte_pa_pr model=small duration=151 device=None samplerate=None channels=None hostapi=None capture_source=loopback
1764251707 CANCEL requested; stopped=True
1764251707 START pid=151259 song_id=es_tu_boda model=small duration=226 device=None samplerate=None channels=None hostapi=None capture_source=loopback
1764251903 CANCEL requested; stopped=True
1764251903 START pid=152928 song_id=es_uwaie model=small duration=172 device=None samplerate=None channels=None hostapi=None capture_source=loopback
1764252085 CANCEL requested; stopped=True
1764252085 START pid=154494 song_id=es_tit_me_pregunt model=small duration=244 device=None samplerate=None channels=None hostapi=None capture_source=loopback
1764252314 CANCEL requested; stopped=True
1764252314 START pid=156461 song_id=es_yogurcito model=small duration=184 device=None samplerate=None channels=None hostapi=None capture_source=loopback
1764252511 CANCEL requested; stopped=True
1764252511 START pid=158158 song_id=es_todo_a_su_tiempo model=small duration=238 device=None samplerate=None channels=None hostapi=None capture_source=loopback
1764252716 CANCEL requested; stopped=True
1764252716 START pid=159917 song_id=es_la_cancin model=small duration=243 device=None samplerate=None channels=None hostapi=None capture_source=loopback
1764252747 CANCEL requested; stopped=True
1764252788 CANCEL requested; stopped=False
1764252788 START pid=160531 song_id=es_5_7 model=small duration=175 device=None samplerate=None channels=None hostapi=None capture_source=loopback
1764252807 CANCEL requested; stopped=True
1764252807 START pid=160695 song_id=es_yonaguni model=small duration=207 device=None samplerate=None channels=None hostapi=None capture_source=loopback
1764252831 CANCEL requested; stopped=True
1764252831 START pid=160932 song_id=es_todo_de_ti model=small duration=200 device=None samplerate=None channels=None hostapi=None capture_source=loopback
1764253028 CANCEL requested; stopped=True
1764253028 START pid=162621 song_id=es_suiza model=small duration=115 device=None samplerate=None channels=None hostapi=None capture_source=loopback
1764253139 CANCEL requested; stopped=True
1764253139 START pid=163589 song_id=es_la_plena model=small duration=150 device=None samplerate=None channels=None hostapi=None capture_source=loopback
1764253291 CANCEL requested; stopped=True
1764253291 START pid=164904 song_id=es_baile_inolvidable model=small duration=159 device=None samplerate=None channels=None hostapi=None capture_source=loopback
1764253627 CANCEL requested; stopped=True
1764253627 START pid=167654 song_id=es_444 model=small duration=175 device=None samplerate=None channels=None hostapi=None capture_source=loopback
1764255893 CANCEL requested; stopped=True
1764255893 START pid=186528 song_id=ru_ model=small duration=57 device=None samplerate=None channels=None hostapi=None capture_source=loopback
1764255901 CANCEL requested; stopped=True
1764255901 START pid=186600 song_id=ru_ model=small duration=57 device=None samplerate=None channels=None hostapi=None capture_source=loopback
1764255904 CANCEL requested; stopped=True
1764255904 START pid=186649 song_id=ru__2 model=small duration=173 device=None samplerate=None channels=None hostapi=None capture_source=loopback
1764255906 CANCEL requested; stopped=True
1764255906 START pid=186680 song_id=ru_ model=small duration=57 device=None samplerate=None channels=None hostapi=None capture_source=loopback
1764255909 CANCEL requested; stopped=True
1764256009 CANCEL requested; stopped=False
1764256009 START pid=187610 song_id=ru__15 model=small duration=146 device=None samplerate=None channels=None hostapi=None capture_source=loopback
1764256152 CANCEL requested; stopped=True
1764256152 START pid=188828 song_id=ru__14 model=small duration=131 device=None samplerate=None channels=None hostapi=None capture_source=loopback
1764256276 CANCEL requested; stopped=True
1764256276 START pid=189890 song_id=ru_track_5d76449 model=small duration=169 device=None samplerate=None channels=None hostapi=None capture_source=loopback
1764256433 CANCEL requested; stopped=True
1764256433 START pid=191260 song_id=ru_track_1eca390 model=small duration=164 device=None samplerate=None channels=None hostapi=None capture_source=loopback
1764256587 CANCEL requested; stopped=True
1764256587 START pid=192566 song_id=ru__11 model=small duration=247 device=None samplerate=None channels=None hostapi=None capture_source=loopback
1764256591 CANCEL requested; stopped=True
1764256591 START pid=192631 song_id=ru__4 model=small duration=215 device=None samplerate=None channels=None hostapi=None capture_source=loopback
1764256594 CANCEL requested; stopped=True
1764256594 START pid=192676 song_id=ru_track_ab435cc model=small duration=89 device=None samplerate=None channels=None hostapi=None capture_source=loopback
1764256684 CANCEL requested; stopped=True
1764256684 START pid=193454 song_id=ru_obrigado model=small duration=181 device=None samplerate=None channels=None hostapi=None capture_source=loopback
1764256864 CANCEL requested; stopped=True
1764256864 START pid=194994 song_id=ru_track_cbebda5 model=small duration=120 device=None samplerate=None channels=None hostapi=None capture_source=loopback
1764256994 CANCEL requested; stopped=True
1764256994 START pid=196112 song_id=ru__3 model=small duration=171 device=None samplerate=None channels=None hostapi=None capture_source=loopback
1764257000 CANCEL requested; stopped=True
1764257000 START pid=196175 song_id=ru_track_df3a62b model=small duration=177 device=None samplerate=None channels=None hostapi=None capture_source=loopback
1764257020 CANCEL requested; stopped=True
1764257060 CANCEL requested; stopped=False
1764257060 START pid=196695 song_id=ru_track_1ede140 model=small duration=126 device=None samplerate=None channels=None hostapi=None capture_source=loopback
1764257170 CANCEL requested; stopped=True
1764257171 START pid=197650 song_id=ru_track_4d670c7 model=small duration=174 device=None samplerate=None channels=None hostapi=None capture_source=loopback
1764257347 CANCEL requested; stopped=True
1764257347 START pid=199170 song_id=ru_track_37e5b1b model=small duration=191 device=None samplerate=None channels=None hostapi=None capture_source=loopback
1764257498 CANCEL requested; stopped=True
1764257498 START pid=200470 song_id=ru_track_5bb48ec model=small duration=189 device=None samplerate=None channels=None hostapi=None capture_source=loopback
1764257688 CANCEL requested; stopped=True
1764257688 START pid=202052 song_id=ru__10 model=small duration=188 device=None samplerate=None channels=None hostapi=None capture_source=loopback
1764257718 CANCEL requested; stopped=True
1764257718 START pid=202322 song_id=ru_track_4a12159 model=small duration=128 device=None samplerate=None channels=None hostapi=None capture_source=loopback
1764257841 CANCEL requested; stopped=True
1764257841 START pid=203365 song_id=ru_10 model=small duration=164 device=None samplerate=None channels=None hostapi=None capture_source=loopback
1764258011 CANCEL requested; stopped=True
1764258012 START pid=204827 song_id=ru_mama_ya_ne_mogu_bolshe_pit model=small duration=260 device=None samplerate=None channels=None hostapi=None capture_source=loopback
1764258021 CANCEL requested; stopped=True
1764258021 START pid=204929 song_id=ru_track_1c61e07 model=small duration=166 device=None samplerate=None channels=None hostapi=None capture_source=loopback
1764258180 CANCEL requested; stopped=True
1764258180 START pid=206301 song_id=ru_track_6ae5233 model=small duration=228 device=None samplerate=None channels=None hostapi=None capture_source=loopback
1764258409 CANCEL requested; stopped=True
1764258409 START pid=208272 song_id=ru_track_18b39e2 model=small duration=199 device=None samplerate=None channels=None hostapi=None capture_source=loopback
1764258612 CANCEL requested; stopped=True
1764258612 START pid=209959 song_id=ru_track_a879f24 model=small duration=102 device=None samplerate=None channels=None hostapi=None capture_source=loopback
1764258710 CANCEL requested; stopped=True
1764258710 START pid=210820 song_id=ru_baby_mama model=small duration=232 device=None samplerate=None channels=None hostapi=None capture_source=loopback
1764258895 CANCEL requested; stopped=True
1764258895 START pid=212392 song_id=ru_lost_angeles model=small duration=114 device=None samplerate=None channels=None hostapi=None capture_source=loopback
1764259001 CANCEL requested; stopped=True
1764259001 START pid=213324 song_id=ru_track_98d7bc9 model=small duration=238 device=None samplerate=None channels=None hostapi=None capture_source=loopback
1764259219 CANCEL requested; stopped=True
1764259219 START pid=215173 song_id=ru_radio_edition model=small duration=155 device=None samplerate=None channels=None hostapi=None capture_source=loopback
1764259226 CANCEL requested; stopped=True
1764313980 CANCEL requested; stopped=False
1764313980 START pid=402049 song_id=ru__7 model=small duration=214 device=None samplerate=None channels=None hostapi=None capture_source=loopback
1764314036 CANCEL requested; stopped=True
1764314106 START pid=403201 song_id=ru__7 model=large duration=215 device=None samplerate=None channels=None hostapi=None capture_source=loopback
1764314116 CANCEL requested; stopped=True
1764314298 CANCEL requested; stopped=False
1764314298 START pid=404814 song_id=ru_ model=small duration=57 device=None samplerate=None channels=None hostapi=None capture_source=loopback
1764314372 CANCEL requested; stopped=True
